12 12, 2022 00:05:03 上午 cn.how2j.diytomcat.catalina.Context <init>
INFO : Deploying web application directory D:\project\diytomcat\webapps\a
12 12, 2022 00:05:03 上午 cn.how2j.diytomcat.catalina.Context <init>
INFO : Deployment of web application directory D:\project\diytomcat\webapps\a has finished in 142 ms
12 12, 2022 00:05:03 上午 cn.how2j.diytomcat.catalina.Context <init>
INFO : Deploying web application directory D:\project\diytomcat\webapps\j2ee
12 12, 2022 00:05:03 上午 cn.how2j.diytomcat.catalina.Context <init>
INFO : Deployment of web application directory D:\project\diytomcat\webapps\j2ee has finished in 16 ms
12 12, 2022 00:05:03 上午 cn.how2j.diytomcat.catalina.Context <init>
INFO : Deploying web application directory D:\project\diytomcat\webapps\ROOT
12 12, 2022 00:05:03 上午 cn.how2j.diytomcat.catalina.Context <init>
INFO : Deployment of web application directory D:\project\diytomcat\webapps\ROOT has finished in 14 ms
12 12, 2022 00:05:03 上午 cn.how2j.diytomcat.catalina.Context <init>
INFO : Deploying web application directory d:/project/diytomcat/b
12 12, 2022 00:05:03 上午 cn.how2j.diytomcat.catalina.Context <init>
INFO : Deployment of web application directory d:/project/diytomcat/b has finished in 0 ms
12 12, 2022 00:05:03 上午 cn.how2j.diytomcat.catalina.Context <init>
INFO : Deploying web application directory d:/project/javaweb/web
12 12, 2022 00:05:03 上午 cn.how2j.diytomcat.catalina.Context <init>
INFO : Deployment of web application directory d:/project/javaweb/web has finished in 16 ms
12 12, 2022 00:05:03 上午 cn.how2j.diytomcat.catalina.Server logJVM
INFO : Server version:		How2J DiyTomcat/1.0.1
12 12, 2022 00:05:03 上午 cn.how2j.diytomcat.catalina.Server logJVM
INFO : Server built:		2020-04-08 10:20:22
12 12, 2022 00:05:03 上午 cn.how2j.diytomcat.catalina.Server logJVM
INFO : Server number:		1.0.1
12 12, 2022 00:05:03 上午 cn.how2j.diytomcat.catalina.Server logJVM
INFO : OS Name	:		Windows 10
12 12, 2022 00:05:03 上午 cn.how2j.diytomcat.catalina.Server logJVM
INFO : OS Version:		10.0
12 12, 2022 00:05:03 上午 cn.how2j.diytomcat.catalina.Server logJVM
INFO : Architecture:		x86
12 12, 2022 00:05:03 上午 cn.how2j.diytomcat.catalina.Server logJVM
INFO : Java Home:		D:\jdk\jre
12 12, 2022 00:05:03 上午 cn.how2j.diytomcat.catalina.Server logJVM
INFO : JVM Version:		1.8.0_65-b17
12 12, 2022 00:05:03 上午 cn.how2j.diytomcat.catalina.Server logJVM
INFO : JVM Vendor:		Oracle Corporation
12 12, 2022 00:05:03 上午 cn.how2j.diytomcat.catalina.Connector init
INFO : Initializing ProtocolHandler [http-bio-18080]
12 12, 2022 00:05:03 上午 cn.how2j.diytomcat.catalina.Connector init
INFO : Initializing ProtocolHandler [http-bio-18081]
12 12, 2022 00:05:03 上午 cn.how2j.diytomcat.catalina.Connector init
INFO : Initializing ProtocolHandler [http-bio-18082]
12 12, 2022 00:05:03 上午 cn.how2j.diytomcat.catalina.Service init
INFO : Initialization processed in 0 ms
12 12, 2022 00:05:03 上午 cn.how2j.diytomcat.catalina.Connector start
INFO : Starting ProtocolHandler [http-bio-18080]
12 12, 2022 00:05:03 上午 cn.how2j.diytomcat.catalina.Connector start
INFO : Starting ProtocolHandler [http-bio-18081]
12 12, 2022 00:05:03 上午 cn.how2j.diytomcat.catalina.Connector start
INFO : Starting ProtocolHandler [http-bio-18082]
12 12, 2022 00:05:03 上午 cn.how2j.diytomcat.catalina.Server start
INFO : Server startup in 0 ms
12 12, 2022 18:27:13 下午 cn.how2j.diytomcat.catalina.Context <init>
INFO : Deploying web application directory D:\project\diytomcat\webapps\a
12 12, 2022 18:27:13 下午 cn.how2j.diytomcat.catalina.Context <init>
INFO : Deployment of web application directory D:\project\diytomcat\webapps\a has finished in 189 ms
12 12, 2022 18:27:13 下午 cn.how2j.diytomcat.catalina.Context <init>
INFO : Deploying web application directory D:\project\diytomcat\webapps\j2ee
12 12, 2022 18:27:13 下午 cn.how2j.diytomcat.catalina.Context <init>
INFO : Deployment of web application directory D:\project\diytomcat\webapps\j2ee has finished in 16 ms
12 12, 2022 18:27:13 下午 cn.how2j.diytomcat.catalina.Context <init>
INFO : Deploying web application directory D:\project\diytomcat\webapps\ROOT
12 12, 2022 18:27:13 下午 cn.how2j.diytomcat.catalina.Context <init>
INFO : Deployment of web application directory D:\project\diytomcat\webapps\ROOT has finished in 0 ms
12 12, 2022 18:27:13 下午 cn.how2j.diytomcat.catalina.Context <init>
INFO : Deploying web application directory d:/project/diytomcat/b
12 12, 2022 18:27:13 下午 cn.how2j.diytomcat.catalina.Context <init>
INFO : Deployment of web application directory d:/project/diytomcat/b has finished in 0 ms
12 12, 2022 18:27:13 下午 cn.how2j.diytomcat.catalina.Context <init>
INFO : Deploying web application directory d:/project/javaweb/web
12 12, 2022 18:27:13 下午 cn.how2j.diytomcat.catalina.Context <init>
INFO : Deployment of web application directory d:/project/javaweb/web has finished in 31 ms
12 12, 2022 18:27:13 下午 cn.how2j.diytomcat.catalina.Server logJVM
INFO : Server version:		How2J DiyTomcat/1.0.1
12 12, 2022 18:27:13 下午 cn.how2j.diytomcat.catalina.Server logJVM
INFO : Server built:		2020-04-08 10:20:22
12 12, 2022 18:27:13 下午 cn.how2j.diytomcat.catalina.Server logJVM
INFO : Server number:		1.0.1
12 12, 2022 18:27:13 下午 cn.how2j.diytomcat.catalina.Server logJVM
INFO : OS Name	:		Windows 10
12 12, 2022 18:27:13 下午 cn.how2j.diytomcat.catalina.Server logJVM
INFO : OS Version:		10.0
12 12, 2022 18:27:13 下午 cn.how2j.diytomcat.catalina.Server logJVM
INFO : Architecture:		x86
12 12, 2022 18:27:13 下午 cn.how2j.diytomcat.catalina.Server logJVM
INFO : Java Home:		D:\jdk\jre
12 12, 2022 18:27:13 下午 cn.how2j.diytomcat.catalina.Server logJVM
INFO : JVM Version:		1.8.0_65-b17
12 12, 2022 18:27:13 下午 cn.how2j.diytomcat.catalina.Server logJVM
INFO : JVM Vendor:		Oracle Corporation
12 12, 2022 18:27:13 下午 cn.how2j.diytomcat.catalina.Connector init
INFO : Initializing ProtocolHandler [http-bio-18080]
12 12, 2022 18:27:13 下午 cn.how2j.diytomcat.catalina.Connector init
INFO : Initializing ProtocolHandler [http-bio-18081]
12 12, 2022 18:27:13 下午 cn.how2j.diytomcat.catalina.Connector init
INFO : Initializing ProtocolHandler [http-bio-18082]
12 12, 2022 18:27:13 下午 cn.how2j.diytomcat.catalina.Service init
INFO : Initialization processed in 0 ms
12 12, 2022 18:27:13 下午 cn.how2j.diytomcat.catalina.Connector start
INFO : Starting ProtocolHandler [http-bio-18080]
12 12, 2022 18:27:13 下午 cn.how2j.diytomcat.catalina.Connector start
INFO : Starting ProtocolHandler [http-bio-18081]
12 12, 2022 18:27:13 下午 cn.how2j.diytomcat.catalina.Connector start
INFO : Starting ProtocolHandler [http-bio-18082]
12 12, 2022 18:27:13 下午 cn.how2j.diytomcat.catalina.Server start
INFO : Server startup in 0 ms
12 12, 2022 18:27:19 下午 cn.how2j.diytomcat.catalina.HttpProcessor error
ERROR: this is a deliberately created exception
java.lang.RuntimeException: this is a deliberately created exception
	at cn.how2j.diytomcat.servlets.DefaultServlet.service(DefaultServlet.java:41)
	at cn.how2j.diytomcat.catalina.HttpProcessor.execute(HttpProcessor.java:39)
	at cn.how2j.diytomcat.catalina.Connector$1.run(Connector.java:40)
	at java.util.concurrent.ThreadPoolExecutor.runWorker(ThreadPoolExecutor.java:1142)
	at java.util.concurrent.ThreadPoolExecutor$Worker.run(ThreadPoolExecutor.java:617)
	at java.lang.Thread.run(Thread.java:745)
12 12, 2022 20:03:29 下午 cn.how2j.diytomcat.watcher.ContextFileChangeWatcher$1 dealWith
INFO : cn.how2j.diytomcat.watcher.ContextFileChangeWatcher@11ac98e 检测到了Web应用下的重要文件变化 SetSessionServlet.class 
12 12, 2022 20:03:29 下午 cn.how2j.diytomcat.catalina.Host reload
INFO : Reloading Context with name [/javaweb] has started
12 12, 2022 20:03:29 下午 cn.how2j.diytomcat.catalina.Context <init>
INFO : Deploying web application directory d:/project/javaweb/web
12 12, 2022 20:03:29 下午 cn.how2j.diytomcat.catalina.Context <init>
INFO : Deployment of web application directory d:/project/javaweb/web has finished in 18 ms
12 12, 2022 20:03:29 下午 cn.how2j.diytomcat.catalina.Host reload
INFO : Reloading Context with name [/javaweb] has completed
12 12, 2022 20:03:46 下午 cn.how2j.diytomcat.watcher.ContextFileChangeWatcher$1 dealWith
INFO : cn.how2j.diytomcat.watcher.ContextFileChangeWatcher@7f8f3e 检测到了Web应用下的重要文件变化 SetSessionServlet.class 
12 12, 2022 20:03:46 下午 cn.how2j.diytomcat.catalina.Host reload
INFO : Reloading Context with name [/javaweb] has started
12 12, 2022 20:03:46 下午 cn.how2j.diytomcat.catalina.Context <init>
INFO : Deploying web application directory d:/project/javaweb/web
12 12, 2022 20:03:46 下午 cn.how2j.diytomcat.catalina.Context <init>
INFO : Deployment of web application directory d:/project/javaweb/web has finished in 7 ms
12 12, 2022 20:03:46 下午 cn.how2j.diytomcat.catalina.Host reload
INFO : Reloading Context with name [/javaweb] has completed
12 12, 2022 20:03:47 下午 cn.how2j.diytomcat.watcher.ContextFileChangeWatcher$1 dealWith
INFO : cn.how2j.diytomcat.watcher.ContextFileChangeWatcher@117c6c4 检测到了Web应用下的重要文件变化 GetSessionServlet.class 
12 12, 2022 20:03:47 下午 cn.how2j.diytomcat.catalina.Host reload
INFO : Reloading Context with name [/javaweb] has started
12 12, 2022 20:03:47 下午 cn.how2j.diytomcat.catalina.Context <init>
INFO : Deploying web application directory d:/project/javaweb/web
12 12, 2022 20:03:47 下午 cn.how2j.diytomcat.catalina.Context <init>
INFO : Deployment of web application directory d:/project/javaweb/web has finished in 0 ms
12 12, 2022 20:03:47 下午 cn.how2j.diytomcat.catalina.Host reload
INFO : Reloading Context with name [/javaweb] has completed
12 12, 2022 20:03:47 下午 cn.how2j.diytomcat.watcher.ContextFileChangeWatcher$1 dealWith
INFO : cn.how2j.diytomcat.watcher.ContextFileChangeWatcher@3ca049 检测到了Web应用下的重要文件变化 SetSessionServlet.class 
12 12, 2022 20:03:47 下午 cn.how2j.diytomcat.catalina.Host reload
INFO : Reloading Context with name [/javaweb] has started
12 12, 2022 20:03:47 下午 cn.how2j.diytomcat.catalina.Context <init>
INFO : Deploying web application directory d:/project/javaweb/web
12 12, 2022 20:03:47 下午 cn.how2j.diytomcat.catalina.Context <init>
INFO : Deployment of web application directory d:/project/javaweb/web has finished in 0 ms
12 12, 2022 20:03:47 下午 cn.how2j.diytomcat.catalina.Host reload
INFO : Reloading Context with name [/javaweb] has completed
12 12, 2022 20:03:56 下午 cn.how2j.diytomcat.watcher.ContextFileChangeWatcher$1 dealWith
INFO : cn.how2j.diytomcat.watcher.ContextFileChangeWatcher@78c544 检测到了Web应用下的重要文件变化 GetSessionServlet.class 
12 12, 2022 20:03:56 下午 cn.how2j.diytomcat.catalina.Host reload
INFO : Reloading Context with name [/javaweb] has started
12 12, 2022 20:03:56 下午 cn.how2j.diytomcat.catalina.Context <init>
INFO : Deploying web application directory d:/project/javaweb/web
12 12, 2022 20:03:56 下午 cn.how2j.diytomcat.catalina.Context <init>
INFO : Deployment of web application directory d:/project/javaweb/web has finished in 8 ms
12 12, 2022 20:03:56 下午 cn.how2j.diytomcat.catalina.Host reload
INFO : Reloading Context with name [/javaweb] has completed
12 12, 2022 20:03:56 下午 cn.how2j.diytomcat.watcher.ContextFileChangeWatcher$1 dealWith
INFO : cn.how2j.diytomcat.watcher.ContextFileChangeWatcher@656709 检测到了Web应用下的重要文件变化 GetSessionServlet.class 
12 12, 2022 20:03:56 下午 cn.how2j.diytomcat.catalina.Host reload
INFO : Reloading Context with name [/javaweb] has started
12 12, 2022 20:03:56 下午 cn.how2j.diytomcat.catalina.Context <init>
INFO : Deploying web application directory d:/project/javaweb/web
12 12, 2022 20:03:56 下午 cn.how2j.diytomcat.catalina.Context <init>
INFO : Deployment of web application directory d:/project/javaweb/web has finished in 6 ms
12 12, 2022 20:03:56 下午 cn.how2j.diytomcat.catalina.Host reload
INFO : Reloading Context with name [/javaweb] has completed
12 12, 2022 20:04:20 下午 cn.how2j.diytomcat.watcher.ContextFileChangeWatcher$1 dealWith
INFO : cn.how2j.diytomcat.watcher.ContextFileChangeWatcher@3fe1d2 检测到了Web应用下的重要文件变化 web.xml 
12 12, 2022 20:04:20 下午 cn.how2j.diytomcat.catalina.Host reload
INFO : Reloading Context with name [/javaweb] has started
12 12, 2022 20:04:20 下午 cn.how2j.diytomcat.catalina.Context <init>
INFO : Deploying web application directory d:/project/javaweb/web
12 12, 2022 20:04:20 下午 cn.how2j.diytomcat.catalina.Context <init>
INFO : Deployment of web application directory d:/project/javaweb/web has finished in 14 ms
12 12, 2022 20:04:20 下午 cn.how2j.diytomcat.catalina.Host reload
INFO : Reloading Context with name [/javaweb] has completed
12 12, 2022 20:07:30 下午 cn.how2j.diytomcat.catalina.Context <init>
INFO : Deploying web application directory D:\project\diytomcat\webapps\a
12 12, 2022 20:07:30 下午 cn.how2j.diytomcat.catalina.Context <init>
INFO : Deployment of web application directory D:\project\diytomcat\webapps\a has finished in 126 ms
12 12, 2022 20:07:30 下午 cn.how2j.diytomcat.catalina.Context <init>
INFO : Deploying web application directory D:\project\diytomcat\webapps\j2ee
12 12, 2022 20:07:30 下午 cn.how2j.diytomcat.catalina.Context <init>
INFO : Deployment of web application directory D:\project\diytomcat\webapps\j2ee has finished in 0 ms
12 12, 2022 20:07:30 下午 cn.how2j.diytomcat.catalina.Context <init>
INFO : Deploying web application directory D:\project\diytomcat\webapps\ROOT
12 12, 2022 20:07:30 下午 cn.how2j.diytomcat.catalina.Context <init>
INFO : Deployment of web application directory D:\project\diytomcat\webapps\ROOT has finished in 0 ms
12 12, 2022 20:07:30 下午 cn.how2j.diytomcat.catalina.Context <init>
INFO : Deploying web application directory d:/project/diytomcat/b
12 12, 2022 20:07:30 下午 cn.how2j.diytomcat.catalina.Context <init>
INFO : Deployment of web application directory d:/project/diytomcat/b has finished in 0 ms
12 12, 2022 20:07:30 下午 cn.how2j.diytomcat.catalina.Context <init>
INFO : Deploying web application directory d:/project/javaweb/web
12 12, 2022 20:07:30 下午 cn.how2j.diytomcat.catalina.Context <init>
INFO : Deployment of web application directory d:/project/javaweb/web has finished in 15 ms
12 12, 2022 20:07:30 下午 cn.how2j.diytomcat.catalina.Server logJVM
INFO : Server version:		How2J DiyTomcat/1.0.1
12 12, 2022 20:07:30 下午 cn.how2j.diytomcat.catalina.Server logJVM
INFO : Server built:		2020-04-08 10:20:22
12 12, 2022 20:07:30 下午 cn.how2j.diytomcat.catalina.Server logJVM
INFO : Server number:		1.0.1
12 12, 2022 20:07:30 下午 cn.how2j.diytomcat.catalina.Server logJVM
INFO : OS Name	:		Windows 10
12 12, 2022 20:07:30 下午 cn.how2j.diytomcat.catalina.Server logJVM
INFO : OS Version:		10.0
12 12, 2022 20:07:30 下午 cn.how2j.diytomcat.catalina.Server logJVM
INFO : Architecture:		x86
12 12, 2022 20:07:30 下午 cn.how2j.diytomcat.catalina.Server logJVM
INFO : Java Home:		D:\jdk\jre
12 12, 2022 20:07:30 下午 cn.how2j.diytomcat.catalina.Server logJVM
INFO : JVM Version:		1.8.0_65-b17
12 12, 2022 20:07:30 下午 cn.how2j.diytomcat.catalina.Server logJVM
INFO : JVM Vendor:		Oracle Corporation
12 12, 2022 20:07:30 下午 cn.how2j.diytomcat.catalina.Connector init
INFO : Initializing ProtocolHandler [http-bio-18080]
12 12, 2022 20:07:30 下午 cn.how2j.diytomcat.catalina.Connector init
INFO : Initializing ProtocolHandler [http-bio-18081]
12 12, 2022 20:07:30 下午 cn.how2j.diytomcat.catalina.Connector init
INFO : Initializing ProtocolHandler [http-bio-18082]
12 12, 2022 20:07:30 下午 cn.how2j.diytomcat.catalina.Service init
INFO : Initialization processed in 0 ms
12 12, 2022 20:07:30 下午 cn.how2j.diytomcat.catalina.Connector start
INFO : Starting ProtocolHandler [http-bio-18080]
12 12, 2022 20:07:30 下午 cn.how2j.diytomcat.catalina.Connector start
INFO : Starting ProtocolHandler [http-bio-18081]
12 12, 2022 20:07:30 下午 cn.how2j.diytomcat.catalina.Connector start
INFO : Starting ProtocolHandler [http-bio-18082]
12 12, 2022 20:07:30 下午 cn.how2j.diytomcat.catalina.Server start
INFO : Server startup in 16 ms
12 12, 2022 20:07:40 下午 cn.how2j.diytomcat.catalina.HttpProcessor error
ERROR: this is a deliberately created exception
java.lang.RuntimeException: this is a deliberately created exception
	at cn.how2j.diytomcat.servlets.DefaultServlet.service(DefaultServlet.java:41)
	at cn.how2j.diytomcat.catalina.HttpProcessor.execute(HttpProcessor.java:43)
	at cn.how2j.diytomcat.catalina.Connector$1.run(Connector.java:40)
	at java.util.concurrent.ThreadPoolExecutor.runWorker(ThreadPoolExecutor.java:1142)
	at java.util.concurrent.ThreadPoolExecutor$Worker.run(ThreadPoolExecutor.java:617)
	at java.lang.Thread.run(Thread.java:745)
12 12, 2022 21:05:45 下午 cn.how2j.diytomcat.catalina.Context <init>
INFO : Deploying web application directory D:\project\diytomcat\webapps\a
12 12, 2022 21:05:45 下午 cn.how2j.diytomcat.catalina.Context <init>
INFO : Deployment of web application directory D:\project\diytomcat\webapps\a has finished in 124 ms
12 12, 2022 21:05:45 下午 cn.how2j.diytomcat.catalina.Context <init>
INFO : Deploying web application directory D:\project\diytomcat\webapps\j2ee
12 12, 2022 21:05:45 下午 cn.how2j.diytomcat.catalina.Context <init>
INFO : Deployment of web application directory D:\project\diytomcat\webapps\j2ee has finished in 2 ms
12 12, 2022 21:05:45 下午 cn.how2j.diytomcat.catalina.Context <init>
INFO : Deploying web application directory D:\project\diytomcat\webapps\ROOT
12 12, 2022 21:05:45 下午 cn.how2j.diytomcat.catalina.Context <init>
INFO : Deployment of web application directory D:\project\diytomcat\webapps\ROOT has finished in 0 ms
12 12, 2022 21:05:45 下午 cn.how2j.diytomcat.catalina.Context <init>
INFO : Deploying web application directory d:/project/diytomcat/b
12 12, 2022 21:05:45 下午 cn.how2j.diytomcat.catalina.Context <init>
INFO : Deployment of web application directory d:/project/diytomcat/b has finished in 0 ms
12 12, 2022 21:05:45 下午 cn.how2j.diytomcat.catalina.Context <init>
INFO : Deploying web application directory d:/project/javaweb/web
12 12, 2022 21:05:45 下午 cn.how2j.diytomcat.catalina.Context <init>
INFO : Deployment of web application directory d:/project/javaweb/web has finished in 24 ms
12 12, 2022 21:05:45 下午 cn.how2j.diytomcat.catalina.Server logJVM
INFO : Server version:		How2J DiyTomcat/1.0.1
12 12, 2022 21:05:45 下午 cn.how2j.diytomcat.catalina.Server logJVM
INFO : Server built:		2020-04-08 10:20:22
12 12, 2022 21:05:45 下午 cn.how2j.diytomcat.catalina.Server logJVM
INFO : Server number:		1.0.1
12 12, 2022 21:05:45 下午 cn.how2j.diytomcat.catalina.Server logJVM
INFO : OS Name	:		Windows 10
12 12, 2022 21:05:45 下午 cn.how2j.diytomcat.catalina.Server logJVM
INFO : OS Version:		10.0
12 12, 2022 21:05:45 下午 cn.how2j.diytomcat.catalina.Server logJVM
INFO : Architecture:		x86
12 12, 2022 21:05:45 下午 cn.how2j.diytomcat.catalina.Server logJVM
INFO : Java Home:		D:\jdk\jre
12 12, 2022 21:05:45 下午 cn.how2j.diytomcat.catalina.Server logJVM
INFO : JVM Version:		1.8.0_65-b17
12 12, 2022 21:05:45 下午 cn.how2j.diytomcat.catalina.Server logJVM
INFO : JVM Vendor:		Oracle Corporation
12 12, 2022 21:05:45 下午 cn.how2j.diytomcat.catalina.Connector init
INFO : Initializing ProtocolHandler [http-bio-18080]
12 12, 2022 21:05:45 下午 cn.how2j.diytomcat.catalina.Connector init
INFO : Initializing ProtocolHandler [http-bio-18081]
12 12, 2022 21:05:45 下午 cn.how2j.diytomcat.catalina.Connector init
INFO : Initializing ProtocolHandler [http-bio-18082]
12 12, 2022 21:05:45 下午 cn.how2j.diytomcat.catalina.Service init
INFO : Initialization processed in 0 ms
12 12, 2022 21:05:45 下午 cn.how2j.diytomcat.catalina.Connector start
INFO : Starting ProtocolHandler [http-bio-18080]
12 12, 2022 21:05:45 下午 cn.how2j.diytomcat.catalina.Connector start
INFO : Starting ProtocolHandler [http-bio-18081]
12 12, 2022 21:05:45 下午 cn.how2j.diytomcat.catalina.Connector start
INFO : Starting ProtocolHandler [http-bio-18082]
12 12, 2022 21:05:45 下午 cn.how2j.diytomcat.catalina.Server start
INFO : Server startup in 9 ms
12 12, 2022 21:05:51 下午 cn.how2j.diytomcat.catalina.HttpProcessor error
ERROR: this is a deliberately created exception
java.lang.RuntimeException: this is a deliberately created exception
	at cn.how2j.diytomcat.servlets.DefaultServlet.service(DefaultServlet.java:41)
	at cn.how2j.diytomcat.catalina.HttpProcessor.execute(HttpProcessor.java:40)
	at cn.how2j.diytomcat.catalina.Connector$1.run(Connector.java:70)
	at java.util.concurrent.ThreadPoolExecutor.runWorker(ThreadPoolExecutor.java:1142)
	at java.util.concurrent.ThreadPoolExecutor$Worker.run(ThreadPoolExecutor.java:617)
	at java.lang.Thread.run(Thread.java:745)
12 12, 2022 21:07:30 下午 cn.how2j.diytomcat.catalina.Context <init>
INFO : Deploying web application directory D:\project\diytomcat\webapps\a
12 12, 2022 21:07:30 下午 cn.how2j.diytomcat.catalina.Context <init>
INFO : Deployment of web application directory D:\project\diytomcat\webapps\a has finished in 137 ms
12 12, 2022 21:07:30 下午 cn.how2j.diytomcat.catalina.Context <init>
INFO : Deploying web application directory D:\project\diytomcat\webapps\j2ee
12 12, 2022 21:07:30 下午 cn.how2j.diytomcat.catalina.Context <init>
INFO : Deployment of web application directory D:\project\diytomcat\webapps\j2ee has finished in 0 ms
12 12, 2022 21:07:30 下午 cn.how2j.diytomcat.catalina.Context <init>
INFO : Deploying web application directory D:\project\diytomcat\webapps\ROOT
12 12, 2022 21:07:30 下午 cn.how2j.diytomcat.catalina.Context <init>
INFO : Deployment of web application directory D:\project\diytomcat\webapps\ROOT has finished in 0 ms
12 12, 2022 21:07:30 下午 cn.how2j.diytomcat.catalina.Context <init>
INFO : Deploying web application directory d:/project/diytomcat/b
12 12, 2022 21:07:30 下午 cn.how2j.diytomcat.catalina.Context <init>
INFO : Deployment of web application directory d:/project/diytomcat/b has finished in 0 ms
12 12, 2022 21:07:30 下午 cn.how2j.diytomcat.catalina.Context <init>
INFO : Deploying web application directory d:/project/javaweb/web
12 12, 2022 21:07:31 下午 cn.how2j.diytomcat.catalina.Context <init>
INFO : Deployment of web application directory d:/project/javaweb/web has finished in 31 ms
12 12, 2022 21:07:31 下午 cn.how2j.diytomcat.catalina.Server logJVM
INFO : Server version:		How2J DiyTomcat/1.0.1
12 12, 2022 21:07:31 下午 cn.how2j.diytomcat.catalina.Server logJVM
INFO : Server built:		2020-04-08 10:20:22
12 12, 2022 21:07:31 下午 cn.how2j.diytomcat.catalina.Server logJVM
INFO : Server number:		1.0.1
12 12, 2022 21:07:31 下午 cn.how2j.diytomcat.catalina.Server logJVM
INFO : OS Name	:		Windows 10
12 12, 2022 21:07:31 下午 cn.how2j.diytomcat.catalina.Server logJVM
INFO : OS Version:		10.0
12 12, 2022 21:07:31 下午 cn.how2j.diytomcat.catalina.Server logJVM
INFO : Architecture:		x86
12 12, 2022 21:07:31 下午 cn.how2j.diytomcat.catalina.Server logJVM
INFO : Java Home:		D:\jdk\jre
12 12, 2022 21:07:31 下午 cn.how2j.diytomcat.catalina.Server logJVM
INFO : JVM Version:		1.8.0_65-b17
12 12, 2022 21:07:31 下午 cn.how2j.diytomcat.catalina.Server logJVM
INFO : JVM Vendor:		Oracle Corporation
12 12, 2022 21:07:31 下午 cn.how2j.diytomcat.catalina.Connector init
INFO : Initializing ProtocolHandler [http-bio-18080]
12 12, 2022 21:07:31 下午 cn.how2j.diytomcat.catalina.Connector init
INFO : Initializing ProtocolHandler [http-bio-18081]
12 12, 2022 21:07:31 下午 cn.how2j.diytomcat.catalina.Connector init
INFO : Initializing ProtocolHandler [http-bio-18082]
12 12, 2022 21:07:31 下午 cn.how2j.diytomcat.catalina.Service init
INFO : Initialization processed in 0 ms
12 12, 2022 21:07:31 下午 cn.how2j.diytomcat.catalina.Connector start
INFO : Starting ProtocolHandler [http-bio-18080]
12 12, 2022 21:07:31 下午 cn.how2j.diytomcat.catalina.Connector start
INFO : Starting ProtocolHandler [http-bio-18081]
12 12, 2022 21:07:31 下午 cn.how2j.diytomcat.catalina.Connector start
INFO : Starting ProtocolHandler [http-bio-18082]
12 12, 2022 21:07:31 下午 cn.how2j.diytomcat.catalina.Server start
INFO : Server startup in 0 ms
12 12, 2022 21:08:46 下午 cn.how2j.diytomcat.catalina.Context <init>
INFO : Deploying web application directory D:\project\diytomcat\webapps\a
12 12, 2022 21:08:46 下午 cn.how2j.diytomcat.catalina.Context <init>
INFO : Deployment of web application directory D:\project\diytomcat\webapps\a has finished in 157 ms
12 12, 2022 21:08:46 下午 cn.how2j.diytomcat.catalina.Context <init>
INFO : Deploying web application directory D:\project\diytomcat\webapps\j2ee
12 12, 2022 21:08:46 下午 cn.how2j.diytomcat.catalina.Context <init>
INFO : Deployment of web application directory D:\project\diytomcat\webapps\j2ee has finished in 15 ms
12 12, 2022 21:08:46 下午 cn.how2j.diytomcat.catalina.Context <init>
INFO : Deploying web application directory D:\project\diytomcat\webapps\ROOT
12 12, 2022 21:08:46 下午 cn.how2j.diytomcat.catalina.Context <init>
INFO : Deployment of web application directory D:\project\diytomcat\webapps\ROOT has finished in 0 ms
12 12, 2022 21:08:46 下午 cn.how2j.diytomcat.catalina.Context <init>
INFO : Deploying web application directory d:/project/diytomcat/b
12 12, 2022 21:08:46 下午 cn.how2j.diytomcat.catalina.Context <init>
INFO : Deployment of web application directory d:/project/diytomcat/b has finished in 2 ms
12 12, 2022 21:08:46 下午 cn.how2j.diytomcat.catalina.Context <init>
INFO : Deploying web application directory d:/project/javaweb/web
12 12, 2022 21:08:46 下午 cn.how2j.diytomcat.catalina.Context <init>
INFO : Deployment of web application directory d:/project/javaweb/web has finished in 10 ms
12 12, 2022 21:08:46 下午 cn.how2j.diytomcat.catalina.Server logJVM
INFO : Server version:		How2J DiyTomcat/1.0.1
12 12, 2022 21:08:46 下午 cn.how2j.diytomcat.catalina.Server logJVM
INFO : Server built:		2020-04-08 10:20:22
12 12, 2022 21:08:46 下午 cn.how2j.diytomcat.catalina.Server logJVM
INFO : Server number:		1.0.1
12 12, 2022 21:08:46 下午 cn.how2j.diytomcat.catalina.Server logJVM
INFO : OS Name	:		Windows 10
12 12, 2022 21:08:46 下午 cn.how2j.diytomcat.catalina.Server logJVM
INFO : OS Version:		10.0
12 12, 2022 21:08:46 下午 cn.how2j.diytomcat.catalina.Server logJVM
INFO : Architecture:		x86
12 12, 2022 21:08:46 下午 cn.how2j.diytomcat.catalina.Server logJVM
INFO : Java Home:		D:\jdk\jre
12 12, 2022 21:08:46 下午 cn.how2j.diytomcat.catalina.Server logJVM
INFO : JVM Version:		1.8.0_65-b17
12 12, 2022 21:08:46 下午 cn.how2j.diytomcat.catalina.Server logJVM
INFO : JVM Vendor:		Oracle Corporation
12 12, 2022 21:08:46 下午 cn.how2j.diytomcat.catalina.Connector init
INFO : Initializing ProtocolHandler [http-bio-18080]
12 12, 2022 21:08:46 下午 cn.how2j.diytomcat.catalina.Connector init
INFO : Initializing ProtocolHandler [http-bio-18081]
12 12, 2022 21:08:46 下午 cn.how2j.diytomcat.catalina.Connector init
INFO : Initializing ProtocolHandler [http-bio-18082]
12 12, 2022 21:08:46 下午 cn.how2j.diytomcat.catalina.Service init
INFO : Initialization processed in 0 ms
12 12, 2022 21:08:46 下午 cn.how2j.diytomcat.catalina.Connector start
INFO : Starting ProtocolHandler [http-bio-18080]
12 12, 2022 21:08:46 下午 cn.how2j.diytomcat.catalina.Connector start
INFO : Starting ProtocolHandler [http-bio-18081]
12 12, 2022 21:08:46 下午 cn.how2j.diytomcat.catalina.Connector start
INFO : Starting ProtocolHandler [http-bio-18082]
12 12, 2022 21:08:46 下午 cn.how2j.diytomcat.catalina.Server start
INFO : Server startup in 16 ms
12 12, 2022 21:09:03 下午 cn.how2j.diytomcat.catalina.HttpProcessor error
ERROR: this is a deliberately created exception
java.lang.RuntimeException: this is a deliberately created exception
	at cn.how2j.diytomcat.servlets.DefaultServlet.service(DefaultServlet.java:41)
	at cn.how2j.diytomcat.catalina.HttpProcessor.execute(HttpProcessor.java:40)
	at cn.how2j.diytomcat.catalina.Connector$1.run(Connector.java:70)
	at java.util.concurrent.ThreadPoolExecutor.runWorker(ThreadPoolExecutor.java:1142)
	at java.util.concurrent.ThreadPoolExecutor$Worker.run(ThreadPoolExecutor.java:617)
	at java.lang.Thread.run(Thread.java:745)
12 12, 2022 21:10:57 下午 cn.how2j.diytomcat.catalina.Context <init>
INFO : Deploying web application directory D:\project\diytomcat\webapps\a
12 12, 2022 21:10:58 下午 cn.how2j.diytomcat.catalina.Context <init>
INFO : Deployment of web application directory D:\project\diytomcat\webapps\a has finished in 159 ms
12 12, 2022 21:10:58 下午 cn.how2j.diytomcat.catalina.Context <init>
INFO : Deploying web application directory D:\project\diytomcat\webapps\j2ee
12 12, 2022 21:10:58 下午 cn.how2j.diytomcat.catalina.Context <init>
INFO : Deployment of web application directory D:\project\diytomcat\webapps\j2ee has finished in 6 ms
12 12, 2022 21:10:58 下午 cn.how2j.diytomcat.catalina.Context <init>
INFO : Deploying web application directory D:\project\diytomcat\webapps\ROOT
12 12, 2022 21:10:58 下午 cn.how2j.diytomcat.catalina.Context <init>
INFO : Deployment of web application directory D:\project\diytomcat\webapps\ROOT has finished in 0 ms
12 12, 2022 21:10:58 下午 cn.how2j.diytomcat.catalina.Context <init>
INFO : Deploying web application directory d:/project/diytomcat/b
12 12, 2022 21:10:58 下午 cn.how2j.diytomcat.catalina.Context <init>
INFO : Deployment of web application directory d:/project/diytomcat/b has finished in 0 ms
12 12, 2022 21:10:58 下午 cn.how2j.diytomcat.catalina.Context <init>
INFO : Deploying web application directory d:/project/javaweb/web
12 12, 2022 21:10:58 下午 cn.how2j.diytomcat.catalina.Context <init>
INFO : Deployment of web application directory d:/project/javaweb/web has finished in 29 ms
12 12, 2022 21:10:58 下午 cn.how2j.diytomcat.catalina.Server logJVM
INFO : Server version:		How2J DiyTomcat/1.0.1
12 12, 2022 21:10:58 下午 cn.how2j.diytomcat.catalina.Server logJVM
INFO : Server built:		2020-04-08 10:20:22
12 12, 2022 21:10:58 下午 cn.how2j.diytomcat.catalina.Server logJVM
INFO : Server number:		1.0.1
12 12, 2022 21:10:58 下午 cn.how2j.diytomcat.catalina.Server logJVM
INFO : OS Name	:		Windows 10
12 12, 2022 21:10:58 下午 cn.how2j.diytomcat.catalina.Server logJVM
INFO : OS Version:		10.0
12 12, 2022 21:10:58 下午 cn.how2j.diytomcat.catalina.Server logJVM
INFO : Architecture:		x86
12 12, 2022 21:10:58 下午 cn.how2j.diytomcat.catalina.Server logJVM
INFO : Java Home:		D:\jdk\jre
12 12, 2022 21:10:58 下午 cn.how2j.diytomcat.catalina.Server logJVM
INFO : JVM Version:		1.8.0_65-b17
12 12, 2022 21:10:58 下午 cn.how2j.diytomcat.catalina.Server logJVM
INFO : JVM Vendor:		Oracle Corporation
12 12, 2022 21:10:58 下午 cn.how2j.diytomcat.catalina.Connector init
INFO : Initializing ProtocolHandler [http-bio-18080]
12 12, 2022 21:10:58 下午 cn.how2j.diytomcat.catalina.Connector init
INFO : Initializing ProtocolHandler [http-bio-18081]
12 12, 2022 21:10:58 下午 cn.how2j.diytomcat.catalina.Connector init
INFO : Initializing ProtocolHandler [http-bio-18082]
12 12, 2022 21:10:58 下午 cn.how2j.diytomcat.catalina.Service init
INFO : Initialization processed in 0 ms
12 12, 2022 21:10:58 下午 cn.how2j.diytomcat.catalina.Connector start
INFO : Starting ProtocolHandler [http-bio-18080]
12 12, 2022 21:10:58 下午 cn.how2j.diytomcat.catalina.Connector start
INFO : Starting ProtocolHandler [http-bio-18081]
12 12, 2022 21:10:58 下午 cn.how2j.diytomcat.catalina.Connector start
INFO : Starting ProtocolHandler [http-bio-18082]
12 12, 2022 21:10:58 下午 cn.how2j.diytomcat.catalina.Server start
INFO : Server startup in 0 ms
12 12, 2022 21:13:45 下午 cn.how2j.diytomcat.catalina.Context <init>
INFO : Deploying web application directory D:\project\diytomcat\webapps\a
12 12, 2022 21:13:45 下午 cn.how2j.diytomcat.catalina.Context <init>
INFO : Deployment of web application directory D:\project\diytomcat\webapps\a has finished in 162 ms
12 12, 2022 21:13:45 下午 cn.how2j.diytomcat.catalina.Context <init>
INFO : Deploying web application directory D:\project\diytomcat\webapps\j2ee
12 12, 2022 21:13:45 下午 cn.how2j.diytomcat.catalina.Context <init>
INFO : Deployment of web application directory D:\project\diytomcat\webapps\j2ee has finished in 6 ms
12 12, 2022 21:13:45 下午 cn.how2j.diytomcat.catalina.Context <init>
INFO : Deploying web application directory D:\project\diytomcat\webapps\ROOT
12 12, 2022 21:13:45 下午 cn.how2j.diytomcat.catalina.Context <init>
INFO : Deployment of web application directory D:\project\diytomcat\webapps\ROOT has finished in 2 ms
12 12, 2022 21:13:45 下午 cn.how2j.diytomcat.catalina.Context <init>
INFO : Deploying web application directory d:/project/diytomcat/b
12 12, 2022 21:13:45 下午 cn.how2j.diytomcat.catalina.Context <init>
INFO : Deployment of web application directory d:/project/diytomcat/b has finished in 0 ms
12 12, 2022 21:13:45 下午 cn.how2j.diytomcat.catalina.Context <init>
INFO : Deploying web application directory d:/project/javaweb/web
12 12, 2022 21:13:45 下午 cn.how2j.diytomcat.catalina.Context <init>
INFO : Deployment of web application directory d:/project/javaweb/web has finished in 19 ms
12 12, 2022 21:13:45 下午 cn.how2j.diytomcat.catalina.Server logJVM
INFO : Server version:		How2J DiyTomcat/1.0.1
12 12, 2022 21:13:45 下午 cn.how2j.diytomcat.catalina.Server logJVM
INFO : Server built:		2020-04-08 10:20:22
12 12, 2022 21:13:45 下午 cn.how2j.diytomcat.catalina.Server logJVM
INFO : Server number:		1.0.1
12 12, 2022 21:13:45 下午 cn.how2j.diytomcat.catalina.Server logJVM
INFO : OS Name	:		Windows 10
12 12, 2022 21:13:45 下午 cn.how2j.diytomcat.catalina.Server logJVM
INFO : OS Version:		10.0
12 12, 2022 21:13:45 下午 cn.how2j.diytomcat.catalina.Server logJVM
INFO : Architecture:		x86
12 12, 2022 21:13:45 下午 cn.how2j.diytomcat.catalina.Server logJVM
INFO : Java Home:		D:\jdk\jre
12 12, 2022 21:13:45 下午 cn.how2j.diytomcat.catalina.Server logJVM
INFO : JVM Version:		1.8.0_65-b17
12 12, 2022 21:13:45 下午 cn.how2j.diytomcat.catalina.Server logJVM
INFO : JVM Vendor:		Oracle Corporation
12 12, 2022 21:13:45 下午 cn.how2j.diytomcat.catalina.Connector init
INFO : Initializing ProtocolHandler [http-bio-18080]
12 12, 2022 21:13:45 下午 cn.how2j.diytomcat.catalina.Connector init
INFO : Initializing ProtocolHandler [http-bio-18081]
12 12, 2022 21:13:45 下午 cn.how2j.diytomcat.catalina.Connector init
INFO : Initializing ProtocolHandler [http-bio-18082]
12 12, 2022 21:13:45 下午 cn.how2j.diytomcat.catalina.Service init
INFO : Initialization processed in 2 ms
12 12, 2022 21:13:45 下午 cn.how2j.diytomcat.catalina.Connector start
INFO : Starting ProtocolHandler [http-bio-18080]
12 12, 2022 21:13:45 下午 cn.how2j.diytomcat.catalina.Connector start
INFO : Starting ProtocolHandler [http-bio-18081]
12 12, 2022 21:13:45 下午 cn.how2j.diytomcat.catalina.Connector start
INFO : Starting ProtocolHandler [http-bio-18082]
12 12, 2022 21:13:45 下午 cn.how2j.diytomcat.catalina.Server start
INFO : Server startup in 5 ms
12 12, 2022 21:18:12 下午 cn.how2j.diytomcat.catalina.Context <init>
INFO : Deploying web application directory D:\project\diytomcat\webapps\a
12 12, 2022 21:18:12 下午 cn.how2j.diytomcat.catalina.Context <init>
INFO : Deployment of web application directory D:\project\diytomcat\webapps\a has finished in 158 ms
12 12, 2022 21:18:12 下午 cn.how2j.diytomcat.catalina.Context <init>
INFO : Deploying web application directory D:\project\diytomcat\webapps\j2ee
12 12, 2022 21:18:12 下午 cn.how2j.diytomcat.catalina.Context <init>
INFO : Deployment of web application directory D:\project\diytomcat\webapps\j2ee has finished in 0 ms
12 12, 2022 21:18:12 下午 cn.how2j.diytomcat.catalina.Context <init>
INFO : Deploying web application directory D:\project\diytomcat\webapps\ROOT
12 12, 2022 21:18:12 下午 cn.how2j.diytomcat.catalina.Context <init>
INFO : Deployment of web application directory D:\project\diytomcat\webapps\ROOT has finished in 0 ms
12 12, 2022 21:18:12 下午 cn.how2j.diytomcat.catalina.Context <init>
INFO : Deploying web application directory d:/project/diytomcat/b
12 12, 2022 21:18:12 下午 cn.how2j.diytomcat.catalina.Context <init>
INFO : Deployment of web application directory d:/project/diytomcat/b has finished in 16 ms
12 12, 2022 21:18:12 下午 cn.how2j.diytomcat.catalina.Context <init>
INFO : Deploying web application directory d:/project/javaweb/web
12 12, 2022 21:18:12 下午 cn.how2j.diytomcat.catalina.Context <init>
INFO : Deployment of web application directory d:/project/javaweb/web has finished in 15 ms
12 12, 2022 21:18:12 下午 cn.how2j.diytomcat.catalina.Server logJVM
INFO : Server version:		How2J DiyTomcat/1.0.1
12 12, 2022 21:18:12 下午 cn.how2j.diytomcat.catalina.Server logJVM
INFO : Server built:		2020-04-08 10:20:22
12 12, 2022 21:18:12 下午 cn.how2j.diytomcat.catalina.Server logJVM
INFO : Server number:		1.0.1
12 12, 2022 21:18:12 下午 cn.how2j.diytomcat.catalina.Server logJVM
INFO : OS Name	:		Windows 10
12 12, 2022 21:18:12 下午 cn.how2j.diytomcat.catalina.Server logJVM
INFO : OS Version:		10.0
12 12, 2022 21:18:12 下午 cn.how2j.diytomcat.catalina.Server logJVM
INFO : Architecture:		x86
12 12, 2022 21:18:12 下午 cn.how2j.diytomcat.catalina.Server logJVM
INFO : Java Home:		D:\jdk\jre
12 12, 2022 21:18:12 下午 cn.how2j.diytomcat.catalina.Server logJVM
INFO : JVM Version:		1.8.0_65-b17
12 12, 2022 21:18:12 下午 cn.how2j.diytomcat.catalina.Server logJVM
INFO : JVM Vendor:		Oracle Corporation
12 12, 2022 21:18:12 下午 cn.how2j.diytomcat.catalina.Connector init
INFO : Initializing ProtocolHandler [http-bio-18080]
12 12, 2022 21:18:12 下午 cn.how2j.diytomcat.catalina.Connector init
INFO : Initializing ProtocolHandler [http-bio-18081]
12 12, 2022 21:18:12 下午 cn.how2j.diytomcat.catalina.Connector init
INFO : Initializing ProtocolHandler [http-bio-18082]
12 12, 2022 21:18:12 下午 cn.how2j.diytomcat.catalina.Service init
INFO : Initialization processed in 0 ms
12 12, 2022 21:18:15 下午 cn.how2j.diytomcat.catalina.Connector start
INFO : Starting ProtocolHandler [http-bio-18080]
12 12, 2022 21:18:16 下午 cn.how2j.diytomcat.catalina.Connector start
INFO : Starting ProtocolHandler [http-bio-18081]
12 12, 2022 21:18:16 下午 cn.how2j.diytomcat.catalina.Connector start
INFO : Starting ProtocolHandler [http-bio-18082]
12 12, 2022 21:18:16 下午 cn.how2j.diytomcat.catalina.Server start
INFO : Server startup in 4007 ms
12 12, 2022 21:19:46 下午 cn.how2j.diytomcat.catalina.Context <init>
INFO : Deploying web application directory D:\project\diytomcat\webapps\a
12 12, 2022 21:19:47 下午 cn.how2j.diytomcat.catalina.Context <init>
INFO : Deployment of web application directory D:\project\diytomcat\webapps\a has finished in 124 ms
12 12, 2022 21:19:47 下午 cn.how2j.diytomcat.catalina.Context <init>
INFO : Deploying web application directory D:\project\diytomcat\webapps\j2ee
12 12, 2022 21:19:47 下午 cn.how2j.diytomcat.catalina.Context <init>
INFO : Deployment of web application directory D:\project\diytomcat\webapps\j2ee has finished in 5 ms
12 12, 2022 21:19:47 下午 cn.how2j.diytomcat.catalina.Context <init>
INFO : Deploying web application directory D:\project\diytomcat\webapps\ROOT
12 12, 2022 21:19:47 下午 cn.how2j.diytomcat.catalina.Context <init>
INFO : Deployment of web application directory D:\project\diytomcat\webapps\ROOT has finished in 0 ms
12 12, 2022 21:19:47 下午 cn.how2j.diytomcat.catalina.Context <init>
INFO : Deploying web application directory d:/project/diytomcat/b
12 12, 2022 21:19:47 下午 cn.how2j.diytomcat.catalina.Context <init>
INFO : Deployment of web application directory d:/project/diytomcat/b has finished in 0 ms
12 12, 2022 21:19:47 下午 cn.how2j.diytomcat.catalina.Context <init>
INFO : Deploying web application directory d:/project/javaweb/web
12 12, 2022 21:19:47 下午 cn.how2j.diytomcat.catalina.Context <init>
INFO : Deployment of web application directory d:/project/javaweb/web has finished in 16 ms
12 12, 2022 21:19:47 下午 cn.how2j.diytomcat.catalina.Server logJVM
INFO : Server version:		How2J DiyTomcat/1.0.1
12 12, 2022 21:19:47 下午 cn.how2j.diytomcat.catalina.Server logJVM
INFO : Server built:		2020-04-08 10:20:22
12 12, 2022 21:19:47 下午 cn.how2j.diytomcat.catalina.Server logJVM
INFO : Server number:		1.0.1
12 12, 2022 21:19:47 下午 cn.how2j.diytomcat.catalina.Server logJVM
INFO : OS Name	:		Windows 10
12 12, 2022 21:19:47 下午 cn.how2j.diytomcat.catalina.Server logJVM
INFO : OS Version:		10.0
12 12, 2022 21:19:47 下午 cn.how2j.diytomcat.catalina.Server logJVM
INFO : Architecture:		x86
12 12, 2022 21:19:47 下午 cn.how2j.diytomcat.catalina.Server logJVM
INFO : Java Home:		D:\jdk\jre
12 12, 2022 21:19:47 下午 cn.how2j.diytomcat.catalina.Server logJVM
INFO : JVM Version:		1.8.0_65-b17
12 12, 2022 21:19:47 下午 cn.how2j.diytomcat.catalina.Server logJVM
INFO : JVM Vendor:		Oracle Corporation
12 12, 2022 21:19:47 下午 cn.how2j.diytomcat.catalina.Connector init
INFO : Initializing ProtocolHandler [http-bio-18080]
12 12, 2022 21:19:47 下午 cn.how2j.diytomcat.catalina.Connector init
INFO : Initializing ProtocolHandler [http-bio-18081]
12 12, 2022 21:19:47 下午 cn.how2j.diytomcat.catalina.Connector init
INFO : Initializing ProtocolHandler [http-bio-18082]
12 12, 2022 21:19:47 下午 cn.how2j.diytomcat.catalina.Service init
INFO : Initialization processed in 0 ms
12 12, 2022 21:19:47 下午 cn.how2j.diytomcat.catalina.Connector start
INFO : Starting ProtocolHandler [http-bio-18080]
12 12, 2022 21:19:47 下午 cn.how2j.diytomcat.catalina.Connector start
INFO : Starting ProtocolHandler [http-bio-18081]
12 12, 2022 21:19:47 下午 cn.how2j.diytomcat.catalina.Connector start
INFO : Starting ProtocolHandler [http-bio-18082]
12 12, 2022 21:19:47 下午 cn.how2j.diytomcat.catalina.Server start
INFO : Server startup in 0 ms
12 12, 2022 21:19:56 下午 cn.how2j.diytomcat.catalina.HttpProcessor error
ERROR: this is a deliberately created exception
java.lang.RuntimeException: this is a deliberately created exception
	at cn.how2j.diytomcat.servlets.DefaultServlet.service(DefaultServlet.java:41)
	at cn.how2j.diytomcat.catalina.HttpProcessor.execute(HttpProcessor.java:40)
	at cn.how2j.diytomcat.catalina.Connector$1.run(Connector.java:70)
	at java.util.concurrent.ThreadPoolExecutor.runWorker(ThreadPoolExecutor.java:1142)
	at java.util.concurrent.ThreadPoolExecutor$Worker.run(ThreadPoolExecutor.java:617)
	at java.lang.Thread.run(Thread.java:745)
12 12, 2022 21:32:18 下午 cn.how2j.diytomcat.catalina.Context <init>
INFO : Deploying web application directory D:\project\diytomcat\webapps\a
12 12, 2022 21:32:18 下午 cn.how2j.diytomcat.catalina.Context <init>
INFO : Deployment of web application directory D:\project\diytomcat\webapps\a has finished in 109 ms
12 12, 2022 21:32:18 下午 cn.how2j.diytomcat.catalina.Context <init>
INFO : Deploying web application directory D:\project\diytomcat\webapps\j2ee
12 12, 2022 21:32:18 下午 cn.how2j.diytomcat.catalina.Context <init>
INFO : Deployment of web application directory D:\project\diytomcat\webapps\j2ee has finished in 11 ms
12 12, 2022 21:32:18 下午 cn.how2j.diytomcat.catalina.Context <init>
INFO : Deploying web application directory D:\project\diytomcat\webapps\ROOT
12 12, 2022 21:32:18 下午 cn.how2j.diytomcat.catalina.Context <init>
INFO : Deployment of web application directory D:\project\diytomcat\webapps\ROOT has finished in 0 ms
12 12, 2022 21:32:18 下午 cn.how2j.diytomcat.catalina.Context <init>
INFO : Deploying web application directory d:/project/diytomcat/b
12 12, 2022 21:32:18 下午 cn.how2j.diytomcat.catalina.Context <init>
INFO : Deployment of web application directory d:/project/diytomcat/b has finished in 16 ms
12 12, 2022 21:32:18 下午 cn.how2j.diytomcat.catalina.Context <init>
INFO : Deploying web application directory d:/project/javaweb/web
12 12, 2022 21:32:18 下午 cn.how2j.diytomcat.catalina.Context <init>
INFO : Deployment of web application directory d:/project/javaweb/web has finished in 15 ms
12 12, 2022 21:32:18 下午 cn.how2j.diytomcat.catalina.Server logJVM
INFO : Server version:		How2J DiyTomcat/1.0.1
12 12, 2022 21:32:18 下午 cn.how2j.diytomcat.catalina.Server logJVM
INFO : Server built:		2020-04-08 10:20:22
12 12, 2022 21:32:18 下午 cn.how2j.diytomcat.catalina.Server logJVM
INFO : Server number:		1.0.1
12 12, 2022 21:32:18 下午 cn.how2j.diytomcat.catalina.Server logJVM
INFO : OS Name	:		Windows 10
12 12, 2022 21:32:18 下午 cn.how2j.diytomcat.catalina.Server logJVM
INFO : OS Version:		10.0
12 12, 2022 21:32:18 下午 cn.how2j.diytomcat.catalina.Server logJVM
INFO : Architecture:		x86
12 12, 2022 21:32:18 下午 cn.how2j.diytomcat.catalina.Server logJVM
INFO : Java Home:		D:\jdk\jre
12 12, 2022 21:32:18 下午 cn.how2j.diytomcat.catalina.Server logJVM
INFO : JVM Version:		1.8.0_65-b17
12 12, 2022 21:32:18 下午 cn.how2j.diytomcat.catalina.Server logJVM
INFO : JVM Vendor:		Oracle Corporation
12 12, 2022 21:32:18 下午 cn.how2j.diytomcat.catalina.Connector init
INFO : Initializing ProtocolHandler [http-bio-18080]
12 12, 2022 21:32:18 下午 cn.how2j.diytomcat.catalina.Connector init
INFO : Initializing ProtocolHandler [http-bio-18081]
12 12, 2022 21:32:18 下午 cn.how2j.diytomcat.catalina.Connector init
INFO : Initializing ProtocolHandler [http-bio-18082]
12 12, 2022 21:32:18 下午 cn.how2j.diytomcat.catalina.Service init
INFO : Initialization processed in 0 ms
12 12, 2022 21:32:18 下午 cn.how2j.diytomcat.catalina.Connector start
INFO : Starting ProtocolHandler [http-bio-18080]
12 12, 2022 21:32:18 下午 cn.how2j.diytomcat.catalina.Connector start
INFO : Starting ProtocolHandler [http-bio-18081]
12 12, 2022 21:32:18 下午 cn.how2j.diytomcat.catalina.Connector start
INFO : Starting ProtocolHandler [http-bio-18082]
12 12, 2022 21:32:18 下午 cn.how2j.diytomcat.catalina.Server start
INFO : Server startup in 0 ms
12 12, 2022 21:32:18 下午 cn.how2j.diytomcat.catalina.Connector error
ERROR: Address already in use: JVM_Bind
java.net.BindException: Address already in use: JVM_Bind
	at java.net.DualStackPlainSocketImpl.bind0(Native Method)
	at java.net.DualStackPlainSocketImpl.socketBind(DualStackPlainSocketImpl.java:106)
	at java.net.AbstractPlainSocketImpl.bind(AbstractPlainSocketImpl.java:387)
	at java.net.PlainSocketImpl.bind(PlainSocketImpl.java:190)
	at java.net.ServerSocket.bind(ServerSocket.java:375)
	at java.net.ServerSocket.<init>(ServerSocket.java:237)
	at java.net.ServerSocket.<init>(ServerSocket.java:128)
	at cn.how2j.diytomcat.catalina.Connector.run(Connector.java:60)
	at java.lang.Thread.run(Thread.java:745)
12 12, 2022 21:32:18 下午 cn.how2j.diytomcat.catalina.Connector error
ERROR: Address already in use: JVM_Bind
java.net.BindException: Address already in use: JVM_Bind
	at java.net.DualStackPlainSocketImpl.bind0(Native Method)
	at java.net.DualStackPlainSocketImpl.socketBind(DualStackPlainSocketImpl.java:106)
	at java.net.AbstractPlainSocketImpl.bind(AbstractPlainSocketImpl.java:387)
	at java.net.PlainSocketImpl.bind(PlainSocketImpl.java:190)
	at java.net.ServerSocket.bind(ServerSocket.java:375)
	at java.net.ServerSocket.<init>(ServerSocket.java:237)
	at java.net.ServerSocket.<init>(ServerSocket.java:128)
	at cn.how2j.diytomcat.catalina.Connector.run(Connector.java:60)
	at java.lang.Thread.run(Thread.java:745)
12 12, 2022 21:32:18 下午 cn.how2j.diytomcat.catalina.Connector error
ERROR: Address already in use: JVM_Bind
java.net.BindException: Address already in use: JVM_Bind
	at java.net.DualStackPlainSocketImpl.bind0(Native Method)
	at java.net.DualStackPlainSocketImpl.socketBind(DualStackPlainSocketImpl.java:106)
	at java.net.AbstractPlainSocketImpl.bind(AbstractPlainSocketImpl.java:387)
	at java.net.PlainSocketImpl.bind(PlainSocketImpl.java:190)
	at java.net.ServerSocket.bind(ServerSocket.java:375)
	at java.net.ServerSocket.<init>(ServerSocket.java:237)
	at java.net.ServerSocket.<init>(ServerSocket.java:128)
	at cn.how2j.diytomcat.catalina.Connector.run(Connector.java:60)
	at java.lang.Thread.run(Thread.java:745)
12 12, 2022 21:32:40 下午 cn.how2j.diytomcat.catalina.Context <init>
INFO : Deploying web application directory D:\project\diytomcat\webapps\a
12 12, 2022 21:32:40 下午 cn.how2j.diytomcat.catalina.Context <init>
INFO : Deployment of web application directory D:\project\diytomcat\webapps\a has finished in 127 ms
12 12, 2022 21:32:40 下午 cn.how2j.diytomcat.catalina.Context <init>
INFO : Deploying web application directory D:\project\diytomcat\webapps\j2ee
12 12, 2022 21:32:40 下午 cn.how2j.diytomcat.catalina.Context <init>
INFO : Deployment of web application directory D:\project\diytomcat\webapps\j2ee has finished in 14 ms
12 12, 2022 21:32:40 下午 cn.how2j.diytomcat.catalina.Context <init>
INFO : Deploying web application directory D:\project\diytomcat\webapps\ROOT
12 12, 2022 21:32:40 下午 cn.how2j.diytomcat.catalina.Context <init>
INFO : Deployment of web application directory D:\project\diytomcat\webapps\ROOT has finished in 0 ms
12 12, 2022 21:32:40 下午 cn.how2j.diytomcat.catalina.Context <init>
INFO : Deploying web application directory d:/project/diytomcat/b
12 12, 2022 21:32:40 下午 cn.how2j.diytomcat.catalina.Context <init>
INFO : Deployment of web application directory d:/project/diytomcat/b has finished in 0 ms
12 12, 2022 21:32:40 下午 cn.how2j.diytomcat.catalina.Context <init>
INFO : Deploying web application directory d:/project/javaweb/web
12 12, 2022 21:32:40 下午 cn.how2j.diytomcat.catalina.Context <init>
INFO : Deployment of web application directory d:/project/javaweb/web has finished in 23 ms
12 12, 2022 21:32:40 下午 cn.how2j.diytomcat.catalina.Server logJVM
INFO : Server version:		How2J DiyTomcat/1.0.1
12 12, 2022 21:32:40 下午 cn.how2j.diytomcat.catalina.Server logJVM
INFO : Server built:		2020-04-08 10:20:22
12 12, 2022 21:32:40 下午 cn.how2j.diytomcat.catalina.Server logJVM
INFO : Server number:		1.0.1
12 12, 2022 21:32:40 下午 cn.how2j.diytomcat.catalina.Server logJVM
INFO : OS Name	:		Windows 10
12 12, 2022 21:32:40 下午 cn.how2j.diytomcat.catalina.Server logJVM
INFO : OS Version:		10.0
12 12, 2022 21:32:40 下午 cn.how2j.diytomcat.catalina.Server logJVM
INFO : Architecture:		x86
12 12, 2022 21:32:40 下午 cn.how2j.diytomcat.catalina.Server logJVM
INFO : Java Home:		D:\jdk\jre
12 12, 2022 21:32:40 下午 cn.how2j.diytomcat.catalina.Server logJVM
INFO : JVM Version:		1.8.0_65-b17
12 12, 2022 21:32:40 下午 cn.how2j.diytomcat.catalina.Server logJVM
INFO : JVM Vendor:		Oracle Corporation
12 12, 2022 21:32:40 下午 cn.how2j.diytomcat.catalina.Connector init
INFO : Initializing ProtocolHandler [http-bio-18080]
12 12, 2022 21:32:40 下午 cn.how2j.diytomcat.catalina.Connector init
INFO : Initializing ProtocolHandler [http-bio-18081]
12 12, 2022 21:32:40 下午 cn.how2j.diytomcat.catalina.Connector init
INFO : Initializing ProtocolHandler [http-bio-18082]
12 12, 2022 21:32:40 下午 cn.how2j.diytomcat.catalina.Service init
INFO : Initialization processed in 0 ms
12 12, 2022 21:32:40 下午 cn.how2j.diytomcat.catalina.Connector start
INFO : Starting ProtocolHandler [http-bio-18080]
12 12, 2022 21:32:40 下午 cn.how2j.diytomcat.catalina.Connector start
INFO : Starting ProtocolHandler [http-bio-18081]
12 12, 2022 21:32:40 下午 cn.how2j.diytomcat.catalina.Connector start
INFO : Starting ProtocolHandler [http-bio-18082]
12 12, 2022 21:32:40 下午 cn.how2j.diytomcat.catalina.Server start
INFO : Server startup in 8 ms
12 12, 2022 21:33:02 下午 cn.how2j.diytomcat.catalina.HttpProcessor error
ERROR: this is a deliberately created exception
java.lang.RuntimeException: this is a deliberately created exception
	at cn.how2j.diytomcat.servlets.DefaultServlet.service(DefaultServlet.java:41)
	at cn.how2j.diytomcat.catalina.HttpProcessor.execute(HttpProcessor.java:44)
	at cn.how2j.diytomcat.catalina.Connector$1.run(Connector.java:70)
	at java.util.concurrent.ThreadPoolExecutor.runWorker(ThreadPoolExecutor.java:1142)
	at java.util.concurrent.ThreadPoolExecutor$Worker.run(ThreadPoolExecutor.java:617)
	at java.lang.Thread.run(Thread.java:745)
12 12, 2022 21:47:27 下午 cn.how2j.diytomcat.catalina.Context <init>
INFO : Deploying web application directory d:/project/javaweb/web
12 12, 2022 21:47:27 下午 cn.how2j.diytomcat.catalina.Context <init>
INFO : Deployment of web application directory d:/project/javaweb/web has finished in 484 ms
12 12, 2022 22:00:29 下午 cn.how2j.diytomcat.catalina.Context <init>
INFO : Deploying web application directory D:\project\diytomcat\webapps\a
12 12, 2022 22:00:29 下午 cn.how2j.diytomcat.catalina.Context <init>
INFO : Deployment of web application directory D:\project\diytomcat\webapps\a has finished in 173 ms
12 12, 2022 22:00:29 下午 cn.how2j.diytomcat.catalina.Context <init>
INFO : Deploying web application directory D:\project\diytomcat\webapps\j2ee
12 12, 2022 22:00:29 下午 cn.how2j.diytomcat.catalina.Context <init>
INFO : Deployment of web application directory D:\project\diytomcat\webapps\j2ee has finished in 15 ms
12 12, 2022 22:00:29 下午 cn.how2j.diytomcat.catalina.Context <init>
INFO : Deploying web application directory D:\project\diytomcat\webapps\ROOT
12 12, 2022 22:00:29 下午 cn.how2j.diytomcat.catalina.Context <init>
INFO : Deployment of web application directory D:\project\diytomcat\webapps\ROOT has finished in 16 ms
12 12, 2022 22:00:29 下午 cn.how2j.diytomcat.catalina.Context <init>
INFO : Deploying web application directory d:/project/diytomcat/b
12 12, 2022 22:00:29 下午 cn.how2j.diytomcat.catalina.Context <init>
INFO : Deployment of web application directory d:/project/diytomcat/b has finished in 0 ms
12 12, 2022 22:00:29 下午 cn.how2j.diytomcat.catalina.Context <init>
INFO : Deploying web application directory d:/project/javaweb/web
12 12, 2022 22:00:29 下午 cn.how2j.diytomcat.catalina.Context <init>
INFO : Deployment of web application directory d:/project/javaweb/web has finished in 15 ms
12 12, 2022 22:00:29 下午 cn.how2j.diytomcat.catalina.Server logJVM
INFO : Server version:		How2J DiyTomcat/1.0.1
12 12, 2022 22:00:29 下午 cn.how2j.diytomcat.catalina.Server logJVM
INFO : Server built:		2020-04-08 10:20:22
12 12, 2022 22:00:29 下午 cn.how2j.diytomcat.catalina.Server logJVM
INFO : Server number:		1.0.1
12 12, 2022 22:00:29 下午 cn.how2j.diytomcat.catalina.Server logJVM
INFO : OS Name	:		Windows 10
12 12, 2022 22:00:29 下午 cn.how2j.diytomcat.catalina.Server logJVM
INFO : OS Version:		10.0
12 12, 2022 22:00:29 下午 cn.how2j.diytomcat.catalina.Server logJVM
INFO : Architecture:		x86
12 12, 2022 22:00:29 下午 cn.how2j.diytomcat.catalina.Server logJVM
INFO : Java Home:		D:\jdk\jre
12 12, 2022 22:00:29 下午 cn.how2j.diytomcat.catalina.Server logJVM
INFO : JVM Version:		1.8.0_65-b17
12 12, 2022 22:00:29 下午 cn.how2j.diytomcat.catalina.Server logJVM
INFO : JVM Vendor:		Oracle Corporation
12 12, 2022 22:00:29 下午 cn.how2j.diytomcat.catalina.Connector init
INFO : Initializing ProtocolHandler [http-bio-18080]
12 12, 2022 22:00:29 下午 cn.how2j.diytomcat.catalina.Connector init
INFO : Initializing ProtocolHandler [http-bio-18081]
12 12, 2022 22:00:29 下午 cn.how2j.diytomcat.catalina.Connector init
INFO : Initializing ProtocolHandler [http-bio-18082]
12 12, 2022 22:00:29 下午 cn.how2j.diytomcat.catalina.Service init
INFO : Initialization processed in 0 ms
12 12, 2022 22:00:29 下午 cn.how2j.diytomcat.catalina.Connector start
INFO : Starting ProtocolHandler [http-bio-18080]
12 12, 2022 22:00:29 下午 cn.how2j.diytomcat.catalina.Connector start
INFO : Starting ProtocolHandler [http-bio-18081]
12 12, 2022 22:00:29 下午 cn.how2j.diytomcat.catalina.Connector start
INFO : Starting ProtocolHandler [http-bio-18082]
12 12, 2022 22:00:29 下午 cn.how2j.diytomcat.catalina.Server start
INFO : Server startup in 16 ms
12 12, 2022 22:01:49 下午 cn.how2j.diytomcat.catalina.Context <init>
INFO : Deploying web application directory D:\project\diytomcat\webapps\a
12 12, 2022 22:01:49 下午 cn.how2j.diytomcat.catalina.Context <init>
INFO : Deployment of web application directory D:\project\diytomcat\webapps\a has finished in 204 ms
12 12, 2022 22:01:49 下午 cn.how2j.diytomcat.catalina.Context <init>
INFO : Deploying web application directory D:\project\diytomcat\webapps\j2ee
12 12, 2022 22:01:49 下午 cn.how2j.diytomcat.catalina.Context <init>
INFO : Deployment of web application directory D:\project\diytomcat\webapps\j2ee has finished in 16 ms
12 12, 2022 22:01:49 下午 cn.how2j.diytomcat.catalina.Context <init>
INFO : Deploying web application directory D:\project\diytomcat\webapps\ROOT
12 12, 2022 22:01:49 下午 cn.how2j.diytomcat.catalina.Context <init>
INFO : Deployment of web application directory D:\project\diytomcat\webapps\ROOT has finished in 0 ms
12 12, 2022 22:01:49 下午 cn.how2j.diytomcat.catalina.Context <init>
INFO : Deploying web application directory d:/project/diytomcat/b
12 12, 2022 22:01:49 下午 cn.how2j.diytomcat.catalina.Context <init>
INFO : Deployment of web application directory d:/project/diytomcat/b has finished in 0 ms
12 12, 2022 22:01:49 下午 cn.how2j.diytomcat.catalina.Context <init>
INFO : Deploying web application directory d:/project/javaweb/web
12 12, 2022 22:01:49 下午 cn.how2j.diytomcat.catalina.Context <init>
INFO : Deployment of web application directory d:/project/javaweb/web has finished in 15 ms
12 12, 2022 22:01:49 下午 cn.how2j.diytomcat.catalina.Server logJVM
INFO : Server version:		How2J DiyTomcat/1.0.1
12 12, 2022 22:01:49 下午 cn.how2j.diytomcat.catalina.Server logJVM
INFO : Server built:		2020-04-08 10:20:22
12 12, 2022 22:01:49 下午 cn.how2j.diytomcat.catalina.Server logJVM
INFO : Server number:		1.0.1
12 12, 2022 22:01:49 下午 cn.how2j.diytomcat.catalina.Server logJVM
INFO : OS Name	:		Windows 10
12 12, 2022 22:01:49 下午 cn.how2j.diytomcat.catalina.Server logJVM
INFO : OS Version:		10.0
12 12, 2022 22:01:49 下午 cn.how2j.diytomcat.catalina.Server logJVM
INFO : Architecture:		x86
12 12, 2022 22:01:49 下午 cn.how2j.diytomcat.catalina.Server logJVM
INFO : Java Home:		D:\jdk\jre
12 12, 2022 22:01:49 下午 cn.how2j.diytomcat.catalina.Server logJVM
INFO : JVM Version:		1.8.0_65-b17
12 12, 2022 22:01:49 下午 cn.how2j.diytomcat.catalina.Server logJVM
INFO : JVM Vendor:		Oracle Corporation
12 12, 2022 22:01:49 下午 cn.how2j.diytomcat.catalina.Connector init
INFO : Initializing ProtocolHandler [http-bio-18080]
12 12, 2022 22:01:49 下午 cn.how2j.diytomcat.catalina.Connector init
INFO : Initializing ProtocolHandler [http-bio-18081]
12 12, 2022 22:01:49 下午 cn.how2j.diytomcat.catalina.Connector init
INFO : Initializing ProtocolHandler [http-bio-18082]
12 12, 2022 22:01:49 下午 cn.how2j.diytomcat.catalina.Service init
INFO : Initialization processed in 0 ms
12 12, 2022 22:01:53 下午 cn.how2j.diytomcat.catalina.Connector start
INFO : Starting ProtocolHandler [http-bio-18080]
12 12, 2022 22:01:53 下午 cn.how2j.diytomcat.catalina.Connector start
INFO : Starting ProtocolHandler [http-bio-18081]
12 12, 2022 22:01:53 下午 cn.how2j.diytomcat.catalina.Connector start
INFO : Starting ProtocolHandler [http-bio-18082]
12 12, 2022 22:01:53 下午 cn.how2j.diytomcat.catalina.Server start
INFO : Server startup in 3817 ms
12 12, 2022 22:05:56 下午 cn.how2j.diytomcat.catalina.Context <init>
INFO : Deploying web application directory D:\project\diytomcat\webapps\a
12 12, 2022 22:05:56 下午 cn.how2j.diytomcat.catalina.Context <init>
INFO : Deployment of web application directory D:\project\diytomcat\webapps\a has finished in 189 ms
12 12, 2022 22:05:56 下午 cn.how2j.diytomcat.catalina.Context <init>
INFO : Deploying web application directory D:\project\diytomcat\webapps\j2ee
12 12, 2022 22:05:56 下午 cn.how2j.diytomcat.catalina.Context <init>
INFO : Deployment of web application directory D:\project\diytomcat\webapps\j2ee has finished in 15 ms
12 12, 2022 22:05:56 下午 cn.how2j.diytomcat.catalina.Context <init>
INFO : Deploying web application directory D:\project\diytomcat\webapps\ROOT
12 12, 2022 22:05:56 下午 cn.how2j.diytomcat.catalina.Context <init>
INFO : Deployment of web application directory D:\project\diytomcat\webapps\ROOT has finished in 0 ms
12 12, 2022 22:05:56 下午 cn.how2j.diytomcat.catalina.Context <init>
INFO : Deploying web application directory d:/project/diytomcat/b
12 12, 2022 22:05:56 下午 cn.how2j.diytomcat.catalina.Context <init>
INFO : Deployment of web application directory d:/project/diytomcat/b has finished in 0 ms
12 12, 2022 22:05:56 下午 cn.how2j.diytomcat.catalina.Context <init>
INFO : Deploying web application directory d:/project/javaweb/web
12 12, 2022 22:05:56 下午 cn.how2j.diytomcat.catalina.Context <init>
INFO : Deployment of web application directory d:/project/javaweb/web has finished in 26 ms
12 12, 2022 22:05:56 下午 cn.how2j.diytomcat.catalina.Server logJVM
INFO : Server version:		How2J DiyTomcat/1.0.1
12 12, 2022 22:05:56 下午 cn.how2j.diytomcat.catalina.Server logJVM
INFO : Server built:		2020-04-08 10:20:22
12 12, 2022 22:05:56 下午 cn.how2j.diytomcat.catalina.Server logJVM
INFO : Server number:		1.0.1
12 12, 2022 22:05:56 下午 cn.how2j.diytomcat.catalina.Server logJVM
INFO : OS Name	:		Windows 10
12 12, 2022 22:05:56 下午 cn.how2j.diytomcat.catalina.Server logJVM
INFO : OS Version:		10.0
12 12, 2022 22:05:56 下午 cn.how2j.diytomcat.catalina.Server logJVM
INFO : Architecture:		x86
12 12, 2022 22:05:56 下午 cn.how2j.diytomcat.catalina.Server logJVM
INFO : Java Home:		D:\jdk\jre
12 12, 2022 22:05:56 下午 cn.how2j.diytomcat.catalina.Server logJVM
INFO : JVM Version:		1.8.0_65-b17
12 12, 2022 22:05:56 下午 cn.how2j.diytomcat.catalina.Server logJVM
INFO : JVM Vendor:		Oracle Corporation
12 12, 2022 22:05:56 下午 cn.how2j.diytomcat.catalina.Connector init
INFO : Initializing ProtocolHandler [http-bio-18080]
12 12, 2022 22:05:56 下午 cn.how2j.diytomcat.catalina.Connector init
INFO : Initializing ProtocolHandler [http-bio-18081]
12 12, 2022 22:05:56 下午 cn.how2j.diytomcat.catalina.Connector init
INFO : Initializing ProtocolHandler [http-bio-18082]
12 12, 2022 22:05:56 下午 cn.how2j.diytomcat.catalina.Service init
INFO : Initialization processed in 0 ms
12 12, 2022 22:05:56 下午 cn.how2j.diytomcat.catalina.Connector start
INFO : Starting ProtocolHandler [http-bio-18080]
12 12, 2022 22:05:56 下午 cn.how2j.diytomcat.catalina.Connector start
INFO : Starting ProtocolHandler [http-bio-18081]
12 12, 2022 22:05:56 下午 cn.how2j.diytomcat.catalina.Connector start
INFO : Starting ProtocolHandler [http-bio-18082]
12 12, 2022 22:05:56 下午 cn.how2j.diytomcat.catalina.Server start
INFO : Server startup in 0 ms
