12 13, 2022 10:28:42 上午 cn.how2j.diytomcat.catalina.Context <init>
INFO : Deploying web application directory D:\project\diytomcat\webapps\a
12 13, 2022 10:28:42 上午 cn.how2j.diytomcat.catalina.Context <init>
INFO : Deployment of web application directory D:\project\diytomcat\webapps\a has finished in 121 ms
12 13, 2022 10:28:42 上午 cn.how2j.diytomcat.catalina.Context <init>
INFO : Deploying web application directory D:\project\diytomcat\webapps\j2ee
12 13, 2022 10:28:42 上午 cn.how2j.diytomcat.catalina.Context <init>
INFO : Deployment of web application directory D:\project\diytomcat\webapps\j2ee has finished in 4 ms
12 13, 2022 10:28:42 上午 cn.how2j.diytomcat.catalina.Context <init>
INFO : Deploying web application directory D:\project\diytomcat\webapps\ROOT
12 13, 2022 10:28:42 上午 cn.how2j.diytomcat.catalina.Context <init>
INFO : Deployment of web application directory D:\project\diytomcat\webapps\ROOT has finished in 0 ms
12 13, 2022 10:28:42 上午 cn.how2j.diytomcat.catalina.Context <init>
INFO : Deploying web application directory d:/project/diytomcat/b
12 13, 2022 10:28:42 上午 cn.how2j.diytomcat.catalina.Context <init>
INFO : Deployment of web application directory d:/project/diytomcat/b has finished in 0 ms
12 13, 2022 10:28:42 上午 cn.how2j.diytomcat.catalina.Context <init>
INFO : Deploying web application directory d:/project/javaweb/web
12 13, 2022 10:28:42 上午 cn.how2j.diytomcat.catalina.Context <init>
INFO : Deployment of web application directory d:/project/javaweb/web has finished in 12 ms
12 13, 2022 10:28:42 上午 cn.how2j.diytomcat.catalina.Server logJVM
INFO : Server version:		How2J DiyTomcat/1.0.1
12 13, 2022 10:28:42 上午 cn.how2j.diytomcat.catalina.Server logJVM
INFO : Server built:		2020-04-08 10:20:22
12 13, 2022 10:28:42 上午 cn.how2j.diytomcat.catalina.Server logJVM
INFO : Server number:		1.0.1
12 13, 2022 10:28:42 上午 cn.how2j.diytomcat.catalina.Server logJVM
INFO : OS Name	:		Windows 10
12 13, 2022 10:28:42 上午 cn.how2j.diytomcat.catalina.Server logJVM
INFO : OS Version:		10.0
12 13, 2022 10:28:42 上午 cn.how2j.diytomcat.catalina.Server logJVM
INFO : Architecture:		x86
12 13, 2022 10:28:42 上午 cn.how2j.diytomcat.catalina.Server logJVM
INFO : Java Home:		D:\jdk\jre
12 13, 2022 10:28:42 上午 cn.how2j.diytomcat.catalina.Server logJVM
INFO : JVM Version:		1.8.0_65-b17
12 13, 2022 10:28:42 上午 cn.how2j.diytomcat.catalina.Server logJVM
INFO : JVM Vendor:		Oracle Corporation
12 13, 2022 10:28:42 上午 cn.how2j.diytomcat.catalina.Connector init
INFO : Initializing ProtocolHandler [http-bio-18080]
12 13, 2022 10:28:42 上午 cn.how2j.diytomcat.catalina.Connector init
INFO : Initializing ProtocolHandler [http-bio-18081]
12 13, 2022 10:28:42 上午 cn.how2j.diytomcat.catalina.Connector init
INFO : Initializing ProtocolHandler [http-bio-18082]
12 13, 2022 10:28:42 上午 cn.how2j.diytomcat.catalina.Service init
INFO : Initialization processed in 0 ms
12 13, 2022 10:28:42 上午 cn.how2j.diytomcat.catalina.Connector start
INFO : Starting ProtocolHandler [http-bio-18080]
12 13, 2022 10:28:42 上午 cn.how2j.diytomcat.catalina.Connector start
INFO : Starting ProtocolHandler [http-bio-18081]
12 13, 2022 10:28:42 上午 cn.how2j.diytomcat.catalina.Connector start
INFO : Starting ProtocolHandler [http-bio-18082]
12 13, 2022 10:28:42 上午 cn.how2j.diytomcat.catalina.Server start
INFO : Server startup in 0 ms
12 13, 2022 10:28:50 上午 cn.how2j.diytomcat.catalina.HttpProcessor error
ERROR: this is a deliberately created exception
java.lang.RuntimeException: this is a deliberately created exception
	at cn.how2j.diytomcat.servlets.DefaultServlet.service(DefaultServlet.java:41)
	at cn.how2j.diytomcat.catalina.HttpProcessor.execute(HttpProcessor.java:43)
	at cn.how2j.diytomcat.catalina.Connector$1.run(Connector.java:70)
	at java.util.concurrent.ThreadPoolExecutor.runWorker(ThreadPoolExecutor.java:1142)
	at java.util.concurrent.ThreadPoolExecutor$Worker.run(ThreadPoolExecutor.java:617)
	at java.lang.Thread.run(Thread.java:745)
12 13, 2022 10:30:14 上午 cn.how2j.diytomcat.catalina.Context <init>
INFO : Deploying web application directory D:\project\diytomcat\webapps\a
12 13, 2022 10:30:14 上午 cn.how2j.diytomcat.catalina.Context <init>
INFO : Deployment of web application directory D:\project\diytomcat\webapps\a has finished in 78 ms
12 13, 2022 10:30:14 上午 cn.how2j.diytomcat.catalina.Context <init>
INFO : Deploying web application directory D:\project\diytomcat\webapps\j2ee
12 13, 2022 10:30:14 上午 cn.how2j.diytomcat.catalina.Context <init>
INFO : Deployment of web application directory D:\project\diytomcat\webapps\j2ee has finished in 0 ms
12 13, 2022 10:30:14 上午 cn.how2j.diytomcat.catalina.Context <init>
INFO : Deploying web application directory D:\project\diytomcat\webapps\ROOT
12 13, 2022 10:30:14 上午 cn.how2j.diytomcat.catalina.Context <init>
INFO : Deployment of web application directory D:\project\diytomcat\webapps\ROOT has finished in 0 ms
12 13, 2022 10:30:14 上午 cn.how2j.diytomcat.catalina.Context <init>
INFO : Deploying web application directory d:/project/diytomcat/b
12 13, 2022 10:30:14 上午 cn.how2j.diytomcat.catalina.Context <init>
INFO : Deployment of web application directory d:/project/diytomcat/b has finished in 0 ms
12 13, 2022 10:30:14 上午 cn.how2j.diytomcat.catalina.Context <init>
INFO : Deploying web application directory d:/project/javaweb/web
12 13, 2022 10:30:14 上午 cn.how2j.diytomcat.catalina.Context <init>
INFO : Deployment of web application directory d:/project/javaweb/web has finished in 16 ms
12 13, 2022 10:30:14 上午 cn.how2j.diytomcat.catalina.Server logJVM
INFO : Server version:		How2J DiyTomcat/1.0.1
12 13, 2022 10:30:14 上午 cn.how2j.diytomcat.catalina.Server logJVM
INFO : Server built:		2020-04-08 10:20:22
12 13, 2022 10:30:14 上午 cn.how2j.diytomcat.catalina.Server logJVM
INFO : Server number:		1.0.1
12 13, 2022 10:30:14 上午 cn.how2j.diytomcat.catalina.Server logJVM
INFO : OS Name	:		Windows 10
12 13, 2022 10:30:14 上午 cn.how2j.diytomcat.catalina.Server logJVM
INFO : OS Version:		10.0
12 13, 2022 10:30:14 上午 cn.how2j.diytomcat.catalina.Server logJVM
INFO : Architecture:		x86
12 13, 2022 10:30:14 上午 cn.how2j.diytomcat.catalina.Server logJVM
INFO : Java Home:		D:\jdk\jre
12 13, 2022 10:30:14 上午 cn.how2j.diytomcat.catalina.Server logJVM
INFO : JVM Version:		1.8.0_65-b17
12 13, 2022 10:30:14 上午 cn.how2j.diytomcat.catalina.Server logJVM
INFO : JVM Vendor:		Oracle Corporation
12 13, 2022 10:30:14 上午 cn.how2j.diytomcat.catalina.Connector init
INFO : Initializing ProtocolHandler [http-bio-18080]
12 13, 2022 10:30:14 上午 cn.how2j.diytomcat.catalina.Connector init
INFO : Initializing ProtocolHandler [http-bio-18081]
12 13, 2022 10:30:14 上午 cn.how2j.diytomcat.catalina.Connector init
INFO : Initializing ProtocolHandler [http-bio-18082]
12 13, 2022 10:30:14 上午 cn.how2j.diytomcat.catalina.Service init
INFO : Initialization processed in 0 ms
12 13, 2022 10:30:14 上午 cn.how2j.diytomcat.catalina.Connector start
INFO : Starting ProtocolHandler [http-bio-18080]
12 13, 2022 10:30:14 上午 cn.how2j.diytomcat.catalina.Connector start
INFO : Starting ProtocolHandler [http-bio-18081]
12 13, 2022 10:30:14 上午 cn.how2j.diytomcat.catalina.Connector start
INFO : Starting ProtocolHandler [http-bio-18082]
12 13, 2022 10:30:14 上午 cn.how2j.diytomcat.catalina.Server start
INFO : Server startup in 0 ms
12 13, 2022 10:30:22 上午 cn.how2j.diytomcat.catalina.HttpProcessor error
ERROR: this is a deliberately created exception
java.lang.RuntimeException: this is a deliberately created exception
	at cn.how2j.diytomcat.servlets.DefaultServlet.service(DefaultServlet.java:41)
	at cn.how2j.diytomcat.catalina.HttpProcessor.execute(HttpProcessor.java:43)
	at cn.how2j.diytomcat.catalina.Connector$1.run(Connector.java:70)
	at java.util.concurrent.ThreadPoolExecutor.runWorker(ThreadPoolExecutor.java:1142)
	at java.util.concurrent.ThreadPoolExecutor$Worker.run(ThreadPoolExecutor.java:617)
	at java.lang.Thread.run(Thread.java:745)
12 13, 2022 10:57:00 上午 cn.how2j.diytomcat.watcher.ContextFileChangeWatcher$1 dealWith
INFO : cn.how2j.diytomcat.watcher.ContextFileChangeWatcher@13815bf 检测到了Web应用下的重要文件变化 ServerJumpServlet.class 
12 13, 2022 10:57:00 上午 cn.how2j.diytomcat.catalina.Host reload
INFO : Reloading Context with name [/javaweb] has started
12 13, 2022 10:57:00 上午 cn.how2j.diytomcat.catalina.Context <init>
INFO : Deploying web application directory d:/project/javaweb/web
12 13, 2022 10:57:00 上午 cn.how2j.diytomcat.catalina.Context <init>
INFO : Deployment of web application directory d:/project/javaweb/web has finished in 8 ms
12 13, 2022 10:57:00 上午 cn.how2j.diytomcat.catalina.Host reload
INFO : Reloading Context with name [/javaweb] has completed
12 13, 2022 10:57:17 上午 cn.how2j.diytomcat.watcher.ContextFileChangeWatcher$1 dealWith
INFO : cn.how2j.diytomcat.watcher.ContextFileChangeWatcher@11aa934 检测到了Web应用下的重要文件变化 web.xml 
12 13, 2022 10:57:17 上午 cn.how2j.diytomcat.catalina.Host reload
INFO : Reloading Context with name [/javaweb] has started
12 13, 2022 10:57:17 上午 cn.how2j.diytomcat.catalina.Context <init>
INFO : Deploying web application directory d:/project/javaweb/web
12 13, 2022 10:57:17 上午 cn.how2j.diytomcat.catalina.Context <init>
INFO : Deployment of web application directory d:/project/javaweb/web has finished in 0 ms
12 13, 2022 10:57:17 上午 cn.how2j.diytomcat.catalina.Host reload
INFO : Reloading Context with name [/javaweb] has completed
12 13, 2022 10:58:44 上午 cn.how2j.diytomcat.catalina.Context <init>
INFO : Deploying web application directory D:\project\diytomcat\webapps\a
12 13, 2022 10:58:44 上午 cn.how2j.diytomcat.catalina.Context <init>
INFO : Deployment of web application directory D:\project\diytomcat\webapps\a has finished in 93 ms
12 13, 2022 10:58:44 上午 cn.how2j.diytomcat.catalina.Context <init>
INFO : Deploying web application directory D:\project\diytomcat\webapps\j2ee
12 13, 2022 10:58:44 上午 cn.how2j.diytomcat.catalina.Context <init>
INFO : Deployment of web application directory D:\project\diytomcat\webapps\j2ee has finished in 15 ms
12 13, 2022 10:58:44 上午 cn.how2j.diytomcat.catalina.Context <init>
INFO : Deploying web application directory D:\project\diytomcat\webapps\ROOT
12 13, 2022 10:58:44 上午 cn.how2j.diytomcat.catalina.Context <init>
INFO : Deployment of web application directory D:\project\diytomcat\webapps\ROOT has finished in 0 ms
12 13, 2022 10:58:44 上午 cn.how2j.diytomcat.catalina.Context <init>
INFO : Deploying web application directory d:/project/diytomcat/b
12 13, 2022 10:58:44 上午 cn.how2j.diytomcat.catalina.Context <init>
INFO : Deployment of web application directory d:/project/diytomcat/b has finished in 0 ms
12 13, 2022 10:58:44 上午 cn.how2j.diytomcat.catalina.Context <init>
INFO : Deploying web application directory d:/project/javaweb/web
12 13, 2022 10:58:44 上午 cn.how2j.diytomcat.catalina.Context <init>
INFO : Deployment of web application directory d:/project/javaweb/web has finished in 16 ms
12 13, 2022 10:58:44 上午 cn.how2j.diytomcat.catalina.Server logJVM
INFO : Server version:		How2J DiyTomcat/1.0.1
12 13, 2022 10:58:44 上午 cn.how2j.diytomcat.catalina.Server logJVM
INFO : Server built:		2020-04-08 10:20:22
12 13, 2022 10:58:44 上午 cn.how2j.diytomcat.catalina.Server logJVM
INFO : Server number:		1.0.1
12 13, 2022 10:58:44 上午 cn.how2j.diytomcat.catalina.Server logJVM
INFO : OS Name	:		Windows 10
12 13, 2022 10:58:44 上午 cn.how2j.diytomcat.catalina.Server logJVM
INFO : OS Version:		10.0
12 13, 2022 10:58:44 上午 cn.how2j.diytomcat.catalina.Server logJVM
INFO : Architecture:		x86
12 13, 2022 10:58:44 上午 cn.how2j.diytomcat.catalina.Server logJVM
INFO : Java Home:		D:\jdk\jre
12 13, 2022 10:58:44 上午 cn.how2j.diytomcat.catalina.Server logJVM
INFO : JVM Version:		1.8.0_65-b17
12 13, 2022 10:58:44 上午 cn.how2j.diytomcat.catalina.Server logJVM
INFO : JVM Vendor:		Oracle Corporation
12 13, 2022 10:58:44 上午 cn.how2j.diytomcat.catalina.Connector init
INFO : Initializing ProtocolHandler [http-bio-18080]
12 13, 2022 10:58:44 上午 cn.how2j.diytomcat.catalina.Connector init
INFO : Initializing ProtocolHandler [http-bio-18081]
12 13, 2022 10:58:44 上午 cn.how2j.diytomcat.catalina.Connector init
INFO : Initializing ProtocolHandler [http-bio-18082]
12 13, 2022 10:58:44 上午 cn.how2j.diytomcat.catalina.Service init
INFO : Initialization processed in 0 ms
12 13, 2022 10:58:44 上午 cn.how2j.diytomcat.catalina.Connector start
INFO : Starting ProtocolHandler [http-bio-18080]
12 13, 2022 10:58:44 上午 cn.how2j.diytomcat.catalina.Connector start
INFO : Starting ProtocolHandler [http-bio-18081]
12 13, 2022 10:58:44 上午 cn.how2j.diytomcat.catalina.Connector start
INFO : Starting ProtocolHandler [http-bio-18082]
12 13, 2022 10:58:44 上午 cn.how2j.diytomcat.catalina.Server start
INFO : Server startup in 0 ms
12 13, 2022 10:58:55 上午 cn.how2j.diytomcat.catalina.HttpProcessor error
ERROR: java.lang.ClassCastException: cn.how2j.javaweb.ServerJumpServlet cannot be cast to javax.servlet.http.HttpServlet
java.lang.RuntimeException: java.lang.ClassCastException: cn.how2j.javaweb.ServerJumpServlet cannot be cast to javax.servlet.http.HttpServlet
	at cn.how2j.diytomcat.servlets.InvokerServlet.service(InvokerServlet.java:46)
	at cn.how2j.diytomcat.catalina.HttpProcessor.execute(HttpProcessor.java:38)
	at cn.how2j.diytomcat.catalina.Connector$1.run(Connector.java:70)
	at java.util.concurrent.ThreadPoolExecutor.runWorker(ThreadPoolExecutor.java:1142)
	at java.util.concurrent.ThreadPoolExecutor$Worker.run(ThreadPoolExecutor.java:617)
	at java.lang.Thread.run(Thread.java:745)
Caused by: java.lang.ClassCastException: cn.how2j.javaweb.ServerJumpServlet cannot be cast to javax.servlet.http.HttpServlet
	at cn.how2j.diytomcat.catalina.Context.getServlet(Context.java:235)
	at cn.how2j.diytomcat.servlets.InvokerServlet.service(InvokerServlet.java:37)
	... 5 more
12 13, 2022 10:58:55 上午 cn.how2j.diytomcat.catalina.HttpProcessor error
ERROR: this is a deliberately created exception
java.lang.RuntimeException: this is a deliberately created exception
	at cn.how2j.diytomcat.servlets.DefaultServlet.service(DefaultServlet.java:41)
	at cn.how2j.diytomcat.catalina.HttpProcessor.execute(HttpProcessor.java:43)
	at cn.how2j.diytomcat.catalina.Connector$1.run(Connector.java:70)
	at java.util.concurrent.ThreadPoolExecutor.runWorker(ThreadPoolExecutor.java:1142)
	at java.util.concurrent.ThreadPoolExecutor$Worker.run(ThreadPoolExecutor.java:617)
	at java.lang.Thread.run(Thread.java:745)
12 13, 2022 11:00:02 上午 cn.how2j.diytomcat.catalina.Context <init>
INFO : Deploying web application directory D:\project\diytomcat\webapps\a
12 13, 2022 11:00:02 上午 cn.how2j.diytomcat.catalina.Context <init>
INFO : Deployment of web application directory D:\project\diytomcat\webapps\a has finished in 98 ms
12 13, 2022 11:00:02 上午 cn.how2j.diytomcat.catalina.Context <init>
INFO : Deploying web application directory D:\project\diytomcat\webapps\j2ee
12 13, 2022 11:00:02 上午 cn.how2j.diytomcat.catalina.Context <init>
INFO : Deployment of web application directory D:\project\diytomcat\webapps\j2ee has finished in 10 ms
12 13, 2022 11:00:02 上午 cn.how2j.diytomcat.catalina.Context <init>
INFO : Deploying web application directory D:\project\diytomcat\webapps\ROOT
12 13, 2022 11:00:02 上午 cn.how2j.diytomcat.catalina.Context <init>
INFO : Deployment of web application directory D:\project\diytomcat\webapps\ROOT has finished in 3 ms
12 13, 2022 11:00:02 上午 cn.how2j.diytomcat.catalina.Context <init>
INFO : Deploying web application directory d:/project/diytomcat/b
12 13, 2022 11:00:02 上午 cn.how2j.diytomcat.catalina.Context <init>
INFO : Deployment of web application directory d:/project/diytomcat/b has finished in 0 ms
12 13, 2022 11:00:02 上午 cn.how2j.diytomcat.catalina.Context <init>
INFO : Deploying web application directory d:/project/javaweb/web
12 13, 2022 11:00:02 上午 cn.how2j.diytomcat.catalina.Context <init>
INFO : Deployment of web application directory d:/project/javaweb/web has finished in 17 ms
12 13, 2022 11:00:02 上午 cn.how2j.diytomcat.catalina.Server logJVM
INFO : Server version:		How2J DiyTomcat/1.0.1
12 13, 2022 11:00:02 上午 cn.how2j.diytomcat.catalina.Server logJVM
INFO : Server built:		2020-04-08 10:20:22
12 13, 2022 11:00:02 上午 cn.how2j.diytomcat.catalina.Server logJVM
INFO : Server number:		1.0.1
12 13, 2022 11:00:02 上午 cn.how2j.diytomcat.catalina.Server logJVM
INFO : OS Name	:		Windows 10
12 13, 2022 11:00:02 上午 cn.how2j.diytomcat.catalina.Server logJVM
INFO : OS Version:		10.0
12 13, 2022 11:00:02 上午 cn.how2j.diytomcat.catalina.Server logJVM
INFO : Architecture:		x86
12 13, 2022 11:00:02 上午 cn.how2j.diytomcat.catalina.Server logJVM
INFO : Java Home:		D:\jdk\jre
12 13, 2022 11:00:02 上午 cn.how2j.diytomcat.catalina.Server logJVM
INFO : JVM Version:		1.8.0_65-b17
12 13, 2022 11:00:02 上午 cn.how2j.diytomcat.catalina.Server logJVM
INFO : JVM Vendor:		Oracle Corporation
12 13, 2022 11:00:02 上午 cn.how2j.diytomcat.catalina.Connector init
INFO : Initializing ProtocolHandler [http-bio-18080]
12 13, 2022 11:00:02 上午 cn.how2j.diytomcat.catalina.Connector init
INFO : Initializing ProtocolHandler [http-bio-18081]
12 13, 2022 11:00:02 上午 cn.how2j.diytomcat.catalina.Connector init
INFO : Initializing ProtocolHandler [http-bio-18082]
12 13, 2022 11:00:02 上午 cn.how2j.diytomcat.catalina.Service init
INFO : Initialization processed in 10 ms
12 13, 2022 11:00:02 上午 cn.how2j.diytomcat.catalina.Connector start
INFO : Starting ProtocolHandler [http-bio-18080]
12 13, 2022 11:00:02 上午 cn.how2j.diytomcat.catalina.Connector start
INFO : Starting ProtocolHandler [http-bio-18081]
12 13, 2022 11:00:02 上午 cn.how2j.diytomcat.catalina.Connector start
INFO : Starting ProtocolHandler [http-bio-18082]
12 13, 2022 11:00:02 上午 cn.how2j.diytomcat.catalina.Server start
INFO : Server startup in 10 ms
12 13, 2022 11:00:10 上午 cn.how2j.diytomcat.catalina.HttpProcessor error
ERROR: java.lang.ClassCastException: cn.how2j.javaweb.ServerJumpServlet cannot be cast to javax.servlet.http.HttpServlet
java.lang.RuntimeException: java.lang.ClassCastException: cn.how2j.javaweb.ServerJumpServlet cannot be cast to javax.servlet.http.HttpServlet
	at cn.how2j.diytomcat.servlets.InvokerServlet.service(InvokerServlet.java:46)
	at cn.how2j.diytomcat.catalina.HttpProcessor.execute(HttpProcessor.java:38)
	at cn.how2j.diytomcat.catalina.Connector$1.run(Connector.java:70)
	at java.util.concurrent.ThreadPoolExecutor.runWorker(ThreadPoolExecutor.java:1142)
	at java.util.concurrent.ThreadPoolExecutor$Worker.run(ThreadPoolExecutor.java:617)
	at java.lang.Thread.run(Thread.java:745)
Caused by: java.lang.ClassCastException: cn.how2j.javaweb.ServerJumpServlet cannot be cast to javax.servlet.http.HttpServlet
	at cn.how2j.diytomcat.catalina.Context.getServlet(Context.java:235)
	at cn.how2j.diytomcat.servlets.InvokerServlet.service(InvokerServlet.java:37)
	... 5 more
12 13, 2022 11:00:41 上午 cn.how2j.diytomcat.catalina.HttpProcessor error
ERROR: java.lang.ClassCastException: cn.how2j.javaweb.ServerJumpServlet cannot be cast to javax.servlet.http.HttpServlet
java.lang.RuntimeException: java.lang.ClassCastException: cn.how2j.javaweb.ServerJumpServlet cannot be cast to javax.servlet.http.HttpServlet
	at cn.how2j.diytomcat.servlets.InvokerServlet.service(InvokerServlet.java:46)
	at cn.how2j.diytomcat.catalina.HttpProcessor.execute(HttpProcessor.java:38)
	at cn.how2j.diytomcat.catalina.Connector$1.run(Connector.java:70)
	at java.util.concurrent.ThreadPoolExecutor.runWorker(ThreadPoolExecutor.java:1142)
	at java.util.concurrent.ThreadPoolExecutor$Worker.run(ThreadPoolExecutor.java:617)
	at java.lang.Thread.run(Thread.java:745)
Caused by: java.lang.ClassCastException: cn.how2j.javaweb.ServerJumpServlet cannot be cast to javax.servlet.http.HttpServlet
	at cn.how2j.diytomcat.catalina.Context.getServlet(Context.java:235)
	at cn.how2j.diytomcat.servlets.InvokerServlet.service(InvokerServlet.java:37)
	... 5 more
12 13, 2022 11:01:02 上午 cn.how2j.diytomcat.catalina.HttpProcessor error
ERROR: java.lang.ClassCastException: cn.how2j.javaweb.ServerJumpServlet cannot be cast to javax.servlet.http.HttpServlet
java.lang.RuntimeException: java.lang.ClassCastException: cn.how2j.javaweb.ServerJumpServlet cannot be cast to javax.servlet.http.HttpServlet
	at cn.how2j.diytomcat.servlets.InvokerServlet.service(InvokerServlet.java:46)
	at cn.how2j.diytomcat.catalina.HttpProcessor.execute(HttpProcessor.java:38)
	at cn.how2j.diytomcat.catalina.Connector$1.run(Connector.java:70)
	at java.util.concurrent.ThreadPoolExecutor.runWorker(ThreadPoolExecutor.java:1142)
	at java.util.concurrent.ThreadPoolExecutor$Worker.run(ThreadPoolExecutor.java:617)
	at java.lang.Thread.run(Thread.java:745)
Caused by: java.lang.ClassCastException: cn.how2j.javaweb.ServerJumpServlet cannot be cast to javax.servlet.http.HttpServlet
	at cn.how2j.diytomcat.catalina.Context.getServlet(Context.java:235)
	at cn.how2j.diytomcat.servlets.InvokerServlet.service(InvokerServlet.java:37)
	... 5 more
12 13, 2022 11:01:11 上午 cn.how2j.diytomcat.catalina.Context <init>
INFO : Deploying web application directory D:\project\diytomcat\webapps\a
12 13, 2022 11:01:11 上午 cn.how2j.diytomcat.catalina.Context <init>
INFO : Deployment of web application directory D:\project\diytomcat\webapps\a has finished in 82 ms
12 13, 2022 11:01:11 上午 cn.how2j.diytomcat.catalina.Context <init>
INFO : Deploying web application directory D:\project\diytomcat\webapps\j2ee
12 13, 2022 11:01:11 上午 cn.how2j.diytomcat.catalina.Context <init>
INFO : Deployment of web application directory D:\project\diytomcat\webapps\j2ee has finished in 0 ms
12 13, 2022 11:01:11 上午 cn.how2j.diytomcat.catalina.Context <init>
INFO : Deploying web application directory D:\project\diytomcat\webapps\ROOT
12 13, 2022 11:01:11 上午 cn.how2j.diytomcat.catalina.Context <init>
INFO : Deployment of web application directory D:\project\diytomcat\webapps\ROOT has finished in 0 ms
12 13, 2022 11:01:11 上午 cn.how2j.diytomcat.catalina.Context <init>
INFO : Deploying web application directory d:/project/diytomcat/b
12 13, 2022 11:01:11 上午 cn.how2j.diytomcat.catalina.Context <init>
INFO : Deployment of web application directory d:/project/diytomcat/b has finished in 0 ms
12 13, 2022 11:01:11 上午 cn.how2j.diytomcat.catalina.Context <init>
INFO : Deploying web application directory d:/project/javaweb/web
12 13, 2022 11:01:11 上午 cn.how2j.diytomcat.catalina.Context <init>
INFO : Deployment of web application directory d:/project/javaweb/web has finished in 0 ms
12 13, 2022 11:01:11 上午 cn.how2j.diytomcat.catalina.Server logJVM
INFO : Server version:		How2J DiyTomcat/1.0.1
12 13, 2022 11:01:11 上午 cn.how2j.diytomcat.catalina.Server logJVM
INFO : Server built:		2020-04-08 10:20:22
12 13, 2022 11:01:11 上午 cn.how2j.diytomcat.catalina.Server logJVM
INFO : Server number:		1.0.1
12 13, 2022 11:01:11 上午 cn.how2j.diytomcat.catalina.Server logJVM
INFO : OS Name	:		Windows 10
12 13, 2022 11:01:11 上午 cn.how2j.diytomcat.catalina.Server logJVM
INFO : OS Version:		10.0
12 13, 2022 11:01:11 上午 cn.how2j.diytomcat.catalina.Server logJVM
INFO : Architecture:		x86
12 13, 2022 11:01:11 上午 cn.how2j.diytomcat.catalina.Server logJVM
INFO : Java Home:		D:\jdk\jre
12 13, 2022 11:01:11 上午 cn.how2j.diytomcat.catalina.Server logJVM
INFO : JVM Version:		1.8.0_65-b17
12 13, 2022 11:01:11 上午 cn.how2j.diytomcat.catalina.Server logJVM
INFO : JVM Vendor:		Oracle Corporation
12 13, 2022 11:01:11 上午 cn.how2j.diytomcat.catalina.Connector init
INFO : Initializing ProtocolHandler [http-bio-18080]
12 13, 2022 11:01:11 上午 cn.how2j.diytomcat.catalina.Connector init
INFO : Initializing ProtocolHandler [http-bio-18081]
12 13, 2022 11:01:11 上午 cn.how2j.diytomcat.catalina.Connector init
INFO : Initializing ProtocolHandler [http-bio-18082]
12 13, 2022 11:01:11 上午 cn.how2j.diytomcat.catalina.Service init
INFO : Initialization processed in 0 ms
12 13, 2022 11:01:11 上午 cn.how2j.diytomcat.catalina.Connector start
INFO : Starting ProtocolHandler [http-bio-18080]
12 13, 2022 11:01:11 上午 cn.how2j.diytomcat.catalina.Connector start
INFO : Starting ProtocolHandler [http-bio-18081]
12 13, 2022 11:01:11 上午 cn.how2j.diytomcat.catalina.Connector start
INFO : Starting ProtocolHandler [http-bio-18082]
12 13, 2022 11:01:11 上午 cn.how2j.diytomcat.catalina.Server start
INFO : Server startup in 0 ms
12 13, 2022 11:01:16 上午 cn.how2j.diytomcat.catalina.Context <init>
INFO : Deploying web application directory D:\project\diytomcat\webapps\a
12 13, 2022 11:01:16 上午 cn.how2j.diytomcat.catalina.Context <init>
INFO : Deployment of web application directory D:\project\diytomcat\webapps\a has finished in 116 ms
12 13, 2022 11:01:16 上午 cn.how2j.diytomcat.catalina.Context <init>
INFO : Deploying web application directory D:\project\diytomcat\webapps\j2ee
12 13, 2022 11:01:16 上午 cn.how2j.diytomcat.catalina.Context <init>
INFO : Deployment of web application directory D:\project\diytomcat\webapps\j2ee has finished in 3 ms
12 13, 2022 11:01:16 上午 cn.how2j.diytomcat.catalina.Context <init>
INFO : Deploying web application directory D:\project\diytomcat\webapps\ROOT
12 13, 2022 11:01:16 上午 cn.how2j.diytomcat.catalina.Context <init>
INFO : Deployment of web application directory D:\project\diytomcat\webapps\ROOT has finished in 2 ms
12 13, 2022 11:01:16 上午 cn.how2j.diytomcat.catalina.Context <init>
INFO : Deploying web application directory d:/project/diytomcat/b
12 13, 2022 11:01:16 上午 cn.how2j.diytomcat.catalina.Context <init>
INFO : Deployment of web application directory d:/project/diytomcat/b has finished in 0 ms
12 13, 2022 11:01:16 上午 cn.how2j.diytomcat.catalina.Context <init>
INFO : Deploying web application directory d:/project/javaweb/web
12 13, 2022 11:01:16 上午 cn.how2j.diytomcat.catalina.Context <init>
INFO : Deployment of web application directory d:/project/javaweb/web has finished in 18 ms
12 13, 2022 11:01:16 上午 cn.how2j.diytomcat.catalina.Server logJVM
INFO : Server version:		How2J DiyTomcat/1.0.1
12 13, 2022 11:01:16 上午 cn.how2j.diytomcat.catalina.Server logJVM
INFO : Server built:		2020-04-08 10:20:22
12 13, 2022 11:01:16 上午 cn.how2j.diytomcat.catalina.Server logJVM
INFO : Server number:		1.0.1
12 13, 2022 11:01:16 上午 cn.how2j.diytomcat.catalina.Server logJVM
INFO : OS Name	:		Windows 10
12 13, 2022 11:01:16 上午 cn.how2j.diytomcat.catalina.Server logJVM
INFO : OS Version:		10.0
12 13, 2022 11:01:16 上午 cn.how2j.diytomcat.catalina.Server logJVM
INFO : Architecture:		x86
12 13, 2022 11:01:16 上午 cn.how2j.diytomcat.catalina.Server logJVM
INFO : Java Home:		D:\jdk\jre
12 13, 2022 11:01:16 上午 cn.how2j.diytomcat.catalina.Server logJVM
INFO : JVM Version:		1.8.0_65-b17
12 13, 2022 11:01:16 上午 cn.how2j.diytomcat.catalina.Server logJVM
INFO : JVM Vendor:		Oracle Corporation
12 13, 2022 11:01:16 上午 cn.how2j.diytomcat.catalina.Connector init
INFO : Initializing ProtocolHandler [http-bio-18080]
12 13, 2022 11:01:16 上午 cn.how2j.diytomcat.catalina.Connector init
INFO : Initializing ProtocolHandler [http-bio-18081]
12 13, 2022 11:01:16 上午 cn.how2j.diytomcat.catalina.Connector init
INFO : Initializing ProtocolHandler [http-bio-18082]
12 13, 2022 11:01:16 上午 cn.how2j.diytomcat.catalina.Service init
INFO : Initialization processed in 0 ms
12 13, 2022 11:01:16 上午 cn.how2j.diytomcat.catalina.Connector start
INFO : Starting ProtocolHandler [http-bio-18080]
12 13, 2022 11:01:16 上午 cn.how2j.diytomcat.catalina.Connector start
INFO : Starting ProtocolHandler [http-bio-18081]
12 13, 2022 11:01:16 上午 cn.how2j.diytomcat.catalina.Connector start
INFO : Starting ProtocolHandler [http-bio-18082]
12 13, 2022 11:01:16 上午 cn.how2j.diytomcat.catalina.Server start
INFO : Server startup in 0 ms
12 13, 2022 11:01:30 上午 cn.how2j.diytomcat.catalina.HttpProcessor error
ERROR: java.lang.ClassCastException: cn.how2j.javaweb.ServerJumpServlet cannot be cast to javax.servlet.http.HttpServlet
java.lang.RuntimeException: java.lang.ClassCastException: cn.how2j.javaweb.ServerJumpServlet cannot be cast to javax.servlet.http.HttpServlet
	at cn.how2j.diytomcat.servlets.InvokerServlet.service(InvokerServlet.java:46)
	at cn.how2j.diytomcat.catalina.HttpProcessor.execute(HttpProcessor.java:38)
	at cn.how2j.diytomcat.catalina.Connector$1.run(Connector.java:70)
	at java.util.concurrent.ThreadPoolExecutor.runWorker(ThreadPoolExecutor.java:1142)
	at java.util.concurrent.ThreadPoolExecutor$Worker.run(ThreadPoolExecutor.java:617)
	at java.lang.Thread.run(Thread.java:745)
Caused by: java.lang.ClassCastException: cn.how2j.javaweb.ServerJumpServlet cannot be cast to javax.servlet.http.HttpServlet
	at cn.how2j.diytomcat.catalina.Context.getServlet(Context.java:235)
	at cn.how2j.diytomcat.servlets.InvokerServlet.service(InvokerServlet.java:37)
	... 5 more
12 13, 2022 11:02:41 上午 cn.how2j.diytomcat.catalina.HttpProcessor error
ERROR: java.lang.ClassCastException: cn.how2j.javaweb.ServerJumpServlet cannot be cast to javax.servlet.http.HttpServlet
java.lang.RuntimeException: java.lang.ClassCastException: cn.how2j.javaweb.ServerJumpServlet cannot be cast to javax.servlet.http.HttpServlet
	at cn.how2j.diytomcat.servlets.InvokerServlet.service(InvokerServlet.java:46)
	at cn.how2j.diytomcat.catalina.HttpProcessor.execute(HttpProcessor.java:38)
	at cn.how2j.diytomcat.catalina.Connector$1.run(Connector.java:70)
	at java.util.concurrent.ThreadPoolExecutor.runWorker(ThreadPoolExecutor.java:1142)
	at java.util.concurrent.ThreadPoolExecutor$Worker.run(ThreadPoolExecutor.java:617)
	at java.lang.Thread.run(Thread.java:745)
Caused by: java.lang.ClassCastException: cn.how2j.javaweb.ServerJumpServlet cannot be cast to javax.servlet.http.HttpServlet
	at cn.how2j.diytomcat.catalina.Context.getServlet(Context.java:235)
	at cn.how2j.diytomcat.servlets.InvokerServlet.service(InvokerServlet.java:37)
	... 5 more
12 13, 2022 11:03:17 上午 cn.how2j.diytomcat.catalina.HttpProcessor error
ERROR: java.lang.ClassCastException: cn.how2j.javaweb.ServerJumpServlet cannot be cast to javax.servlet.http.HttpServlet
java.lang.RuntimeException: java.lang.ClassCastException: cn.how2j.javaweb.ServerJumpServlet cannot be cast to javax.servlet.http.HttpServlet
	at cn.how2j.diytomcat.servlets.InvokerServlet.service(InvokerServlet.java:46)
	at cn.how2j.diytomcat.catalina.HttpProcessor.execute(HttpProcessor.java:38)
	at cn.how2j.diytomcat.catalina.Connector$1.run(Connector.java:70)
	at java.util.concurrent.ThreadPoolExecutor.runWorker(ThreadPoolExecutor.java:1142)
	at java.util.concurrent.ThreadPoolExecutor$Worker.run(ThreadPoolExecutor.java:617)
	at java.lang.Thread.run(Thread.java:745)
Caused by: java.lang.ClassCastException: cn.how2j.javaweb.ServerJumpServlet cannot be cast to javax.servlet.http.HttpServlet
	at cn.how2j.diytomcat.catalina.Context.getServlet(Context.java:235)
	at cn.how2j.diytomcat.servlets.InvokerServlet.service(InvokerServlet.java:37)
	... 5 more
12 13, 2022 11:03:55 上午 cn.how2j.diytomcat.watcher.ContextFileChangeWatcher$1 dealWith
INFO : cn.how2j.diytomcat.watcher.ContextFileChangeWatcher@1b1745b 检测到了Web应用下的重要文件变化 ServerJumpServlet.class 
12 13, 2022 11:03:55 上午 cn.how2j.diytomcat.catalina.Host reload
INFO : Reloading Context with name [/javaweb] has started
12 13, 2022 11:03:55 上午 cn.how2j.diytomcat.catalina.Context <init>
INFO : Deploying web application directory d:/project/javaweb/web
12 13, 2022 11:03:55 上午 cn.how2j.diytomcat.catalina.Context <init>
INFO : Deployment of web application directory d:/project/javaweb/web has finished in 16 ms
12 13, 2022 11:03:55 上午 cn.how2j.diytomcat.catalina.Host reload
INFO : Reloading Context with name [/javaweb] has completed
12 13, 2022 11:03:55 上午 cn.how2j.diytomcat.watcher.ContextFileChangeWatcher$1 dealWith
INFO : cn.how2j.diytomcat.watcher.ContextFileChangeWatcher@4d8eb6 检测到了Web应用下的重要文件变化 ServerJumpServlet.class 
12 13, 2022 11:03:55 上午 cn.how2j.diytomcat.catalina.Host reload
INFO : Reloading Context with name [/javaweb] has started
12 13, 2022 11:03:55 上午 cn.how2j.diytomcat.catalina.Context <init>
INFO : Deploying web application directory d:/project/javaweb/web
12 13, 2022 11:03:55 上午 cn.how2j.diytomcat.catalina.Context <init>
INFO : Deployment of web application directory d:/project/javaweb/web has finished in 0 ms
12 13, 2022 11:03:55 上午 cn.how2j.diytomcat.catalina.Host reload
INFO : Reloading Context with name [/javaweb] has completed
12 13, 2022 11:04:14 上午 cn.how2j.diytomcat.catalina.Context <init>
INFO : Deploying web application directory D:\project\diytomcat\webapps\a
12 13, 2022 11:04:14 上午 cn.how2j.diytomcat.catalina.Context <init>
INFO : Deployment of web application directory D:\project\diytomcat\webapps\a has finished in 106 ms
12 13, 2022 11:04:14 上午 cn.how2j.diytomcat.catalina.Context <init>
INFO : Deploying web application directory D:\project\diytomcat\webapps\j2ee
12 13, 2022 11:04:14 上午 cn.how2j.diytomcat.catalina.Context <init>
INFO : Deployment of web application directory D:\project\diytomcat\webapps\j2ee has finished in 0 ms
12 13, 2022 11:04:14 上午 cn.how2j.diytomcat.catalina.Context <init>
INFO : Deploying web application directory D:\project\diytomcat\webapps\ROOT
12 13, 2022 11:04:14 上午 cn.how2j.diytomcat.catalina.Context <init>
INFO : Deployment of web application directory D:\project\diytomcat\webapps\ROOT has finished in 0 ms
12 13, 2022 11:04:14 上午 cn.how2j.diytomcat.catalina.Context <init>
INFO : Deploying web application directory d:/project/diytomcat/b
12 13, 2022 11:04:14 上午 cn.how2j.diytomcat.catalina.Context <init>
INFO : Deployment of web application directory d:/project/diytomcat/b has finished in 0 ms
12 13, 2022 11:04:14 上午 cn.how2j.diytomcat.catalina.Context <init>
INFO : Deploying web application directory d:/project/javaweb/web
12 13, 2022 11:04:14 上午 cn.how2j.diytomcat.catalina.Context <init>
INFO : Deployment of web application directory d:/project/javaweb/web has finished in 16 ms
12 13, 2022 11:04:14 上午 cn.how2j.diytomcat.catalina.Server logJVM
INFO : Server version:		How2J DiyTomcat/1.0.1
12 13, 2022 11:04:14 上午 cn.how2j.diytomcat.catalina.Server logJVM
INFO : Server built:		2020-04-08 10:20:22
12 13, 2022 11:04:14 上午 cn.how2j.diytomcat.catalina.Server logJVM
INFO : Server number:		1.0.1
12 13, 2022 11:04:14 上午 cn.how2j.diytomcat.catalina.Server logJVM
INFO : OS Name	:		Windows 10
12 13, 2022 11:04:14 上午 cn.how2j.diytomcat.catalina.Server logJVM
INFO : OS Version:		10.0
12 13, 2022 11:04:14 上午 cn.how2j.diytomcat.catalina.Server logJVM
INFO : Architecture:		x86
12 13, 2022 11:04:14 上午 cn.how2j.diytomcat.catalina.Server logJVM
INFO : Java Home:		D:\jdk\jre
12 13, 2022 11:04:14 上午 cn.how2j.diytomcat.catalina.Server logJVM
INFO : JVM Version:		1.8.0_65-b17
12 13, 2022 11:04:14 上午 cn.how2j.diytomcat.catalina.Server logJVM
INFO : JVM Vendor:		Oracle Corporation
12 13, 2022 11:04:14 上午 cn.how2j.diytomcat.catalina.Connector init
INFO : Initializing ProtocolHandler [http-bio-18080]
12 13, 2022 11:04:14 上午 cn.how2j.diytomcat.catalina.Connector init
INFO : Initializing ProtocolHandler [http-bio-18081]
12 13, 2022 11:04:14 上午 cn.how2j.diytomcat.catalina.Connector init
INFO : Initializing ProtocolHandler [http-bio-18082]
12 13, 2022 11:04:14 上午 cn.how2j.diytomcat.catalina.Service init
INFO : Initialization processed in 0 ms
12 13, 2022 11:04:14 上午 cn.how2j.diytomcat.catalina.Connector start
INFO : Starting ProtocolHandler [http-bio-18080]
12 13, 2022 11:04:14 上午 cn.how2j.diytomcat.catalina.Connector start
INFO : Starting ProtocolHandler [http-bio-18081]
12 13, 2022 11:04:14 上午 cn.how2j.diytomcat.catalina.Connector start
INFO : Starting ProtocolHandler [http-bio-18082]
12 13, 2022 11:04:14 上午 cn.how2j.diytomcat.catalina.Server start
INFO : Server startup in 0 ms
12 13, 2022 11:08:00 上午 cn.how2j.diytomcat.catalina.Context <init>
INFO : Deploying web application directory D:\project\diytomcat\webapps\a
12 13, 2022 11:08:00 上午 cn.how2j.diytomcat.catalina.Context <init>
INFO : Deployment of web application directory D:\project\diytomcat\webapps\a has finished in 95 ms
12 13, 2022 11:08:00 上午 cn.how2j.diytomcat.catalina.Context <init>
INFO : Deploying web application directory D:\project\diytomcat\webapps\j2ee
12 13, 2022 11:08:00 上午 cn.how2j.diytomcat.catalina.Context <init>
INFO : Deployment of web application directory D:\project\diytomcat\webapps\j2ee has finished in 16 ms
12 13, 2022 11:08:00 上午 cn.how2j.diytomcat.catalina.Context <init>
INFO : Deploying web application directory D:\project\diytomcat\webapps\ROOT
12 13, 2022 11:08:00 上午 cn.how2j.diytomcat.catalina.Context <init>
INFO : Deployment of web application directory D:\project\diytomcat\webapps\ROOT has finished in 0 ms
12 13, 2022 11:08:00 上午 cn.how2j.diytomcat.catalina.Context <init>
INFO : Deploying web application directory d:/project/diytomcat/b
12 13, 2022 11:08:00 上午 cn.how2j.diytomcat.catalina.Context <init>
INFO : Deployment of web application directory d:/project/diytomcat/b has finished in 0 ms
12 13, 2022 11:08:00 上午 cn.how2j.diytomcat.catalina.Context <init>
INFO : Deploying web application directory d:/project/javaweb/web
12 13, 2022 11:08:00 上午 cn.how2j.diytomcat.catalina.Context <init>
INFO : Deployment of web application directory d:/project/javaweb/web has finished in 16 ms
12 13, 2022 11:08:00 上午 cn.how2j.diytomcat.catalina.Server logJVM
INFO : Server version:		How2J DiyTomcat/1.0.1
12 13, 2022 11:08:00 上午 cn.how2j.diytomcat.catalina.Server logJVM
INFO : Server built:		2020-04-08 10:20:22
12 13, 2022 11:08:00 上午 cn.how2j.diytomcat.catalina.Server logJVM
INFO : Server number:		1.0.1
12 13, 2022 11:08:00 上午 cn.how2j.diytomcat.catalina.Server logJVM
INFO : OS Name	:		Windows 10
12 13, 2022 11:08:00 上午 cn.how2j.diytomcat.catalina.Server logJVM
INFO : OS Version:		10.0
12 13, 2022 11:08:00 上午 cn.how2j.diytomcat.catalina.Server logJVM
INFO : Architecture:		x86
12 13, 2022 11:08:00 上午 cn.how2j.diytomcat.catalina.Server logJVM
INFO : Java Home:		D:\jdk\jre
12 13, 2022 11:08:00 上午 cn.how2j.diytomcat.catalina.Server logJVM
INFO : JVM Version:		1.8.0_65-b17
12 13, 2022 11:08:00 上午 cn.how2j.diytomcat.catalina.Server logJVM
INFO : JVM Vendor:		Oracle Corporation
12 13, 2022 11:08:00 上午 cn.how2j.diytomcat.catalina.Connector init
INFO : Initializing ProtocolHandler [http-bio-18080]
12 13, 2022 11:08:00 上午 cn.how2j.diytomcat.catalina.Connector init
INFO : Initializing ProtocolHandler [http-bio-18081]
12 13, 2022 11:08:00 上午 cn.how2j.diytomcat.catalina.Connector init
INFO : Initializing ProtocolHandler [http-bio-18082]
12 13, 2022 11:08:00 上午 cn.how2j.diytomcat.catalina.Service init
INFO : Initialization processed in 0 ms
12 13, 2022 11:08:00 上午 cn.how2j.diytomcat.catalina.Connector start
INFO : Starting ProtocolHandler [http-bio-18080]
12 13, 2022 11:08:00 上午 cn.how2j.diytomcat.catalina.Connector start
INFO : Starting ProtocolHandler [http-bio-18081]
12 13, 2022 11:08:00 上午 cn.how2j.diytomcat.catalina.Connector start
INFO : Starting ProtocolHandler [http-bio-18082]
12 13, 2022 11:08:00 上午 cn.how2j.diytomcat.catalina.Server start
INFO : Server startup in 0 ms
12 13, 2022 11:20:06 上午 cn.how2j.diytomcat.watcher.ContextFileChangeWatcher$1 dealWith
INFO : cn.how2j.diytomcat.watcher.ContextFileChangeWatcher@c9e57 检测到了Web应用下的重要文件变化 ServerJumpServlet.class 
12 13, 2022 11:20:06 上午 cn.how2j.diytomcat.catalina.Host reload
INFO : Reloading Context with name [/javaweb] has started
12 13, 2022 11:20:06 上午 cn.how2j.diytomcat.catalina.Context <init>
INFO : Deploying web application directory d:/project/javaweb/web
12 13, 2022 11:20:06 上午 cn.how2j.diytomcat.catalina.Context <init>
INFO : Deployment of web application directory d:/project/javaweb/web has finished in 10 ms
12 13, 2022 11:20:06 上午 cn.how2j.diytomcat.catalina.Host reload
INFO : Reloading Context with name [/javaweb] has completed
12 13, 2022 11:20:11 上午 cn.how2j.diytomcat.catalina.Context <init>
INFO : Deploying web application directory D:\project\diytomcat\webapps\a
12 13, 2022 11:20:11 上午 cn.how2j.diytomcat.catalina.Context <init>
INFO : Deployment of web application directory D:\project\diytomcat\webapps\a has finished in 90 ms
12 13, 2022 11:20:11 上午 cn.how2j.diytomcat.catalina.Context <init>
INFO : Deploying web application directory D:\project\diytomcat\webapps\j2ee
12 13, 2022 11:20:11 上午 cn.how2j.diytomcat.catalina.Context <init>
INFO : Deployment of web application directory D:\project\diytomcat\webapps\j2ee has finished in 5 ms
12 13, 2022 11:20:11 上午 cn.how2j.diytomcat.catalina.Context <init>
INFO : Deploying web application directory D:\project\diytomcat\webapps\ROOT
12 13, 2022 11:20:11 上午 cn.how2j.diytomcat.catalina.Context <init>
INFO : Deployment of web application directory D:\project\diytomcat\webapps\ROOT has finished in 0 ms
12 13, 2022 11:20:11 上午 cn.how2j.diytomcat.catalina.Context <init>
INFO : Deploying web application directory d:/project/diytomcat/b
12 13, 2022 11:20:11 上午 cn.how2j.diytomcat.catalina.Context <init>
INFO : Deployment of web application directory d:/project/diytomcat/b has finished in 0 ms
12 13, 2022 11:20:11 上午 cn.how2j.diytomcat.catalina.Context <init>
INFO : Deploying web application directory d:/project/javaweb/web
12 13, 2022 11:20:12 上午 cn.how2j.diytomcat.catalina.Context <init>
INFO : Deployment of web application directory d:/project/javaweb/web has finished in 15 ms
12 13, 2022 11:20:12 上午 cn.how2j.diytomcat.catalina.Server logJVM
INFO : Server version:		How2J DiyTomcat/1.0.1
12 13, 2022 11:20:12 上午 cn.how2j.diytomcat.catalina.Server logJVM
INFO : Server built:		2020-04-08 10:20:22
12 13, 2022 11:20:12 上午 cn.how2j.diytomcat.catalina.Server logJVM
INFO : Server number:		1.0.1
12 13, 2022 11:20:12 上午 cn.how2j.diytomcat.catalina.Server logJVM
INFO : OS Name	:		Windows 10
12 13, 2022 11:20:12 上午 cn.how2j.diytomcat.catalina.Server logJVM
INFO : OS Version:		10.0
12 13, 2022 11:20:12 上午 cn.how2j.diytomcat.catalina.Server logJVM
INFO : Architecture:		x86
12 13, 2022 11:20:12 上午 cn.how2j.diytomcat.catalina.Server logJVM
INFO : Java Home:		D:\jdk\jre
12 13, 2022 11:20:12 上午 cn.how2j.diytomcat.catalina.Server logJVM
INFO : JVM Version:		1.8.0_65-b17
12 13, 2022 11:20:12 上午 cn.how2j.diytomcat.catalina.Server logJVM
INFO : JVM Vendor:		Oracle Corporation
12 13, 2022 11:20:12 上午 cn.how2j.diytomcat.catalina.Connector init
INFO : Initializing ProtocolHandler [http-bio-18080]
12 13, 2022 11:20:12 上午 cn.how2j.diytomcat.catalina.Connector init
INFO : Initializing ProtocolHandler [http-bio-18081]
12 13, 2022 11:20:12 上午 cn.how2j.diytomcat.catalina.Connector init
INFO : Initializing ProtocolHandler [http-bio-18082]
12 13, 2022 11:20:12 上午 cn.how2j.diytomcat.catalina.Service init
INFO : Initialization processed in 0 ms
12 13, 2022 11:20:12 上午 cn.how2j.diytomcat.catalina.Connector start
INFO : Starting ProtocolHandler [http-bio-18080]
12 13, 2022 11:20:12 上午 cn.how2j.diytomcat.catalina.Connector start
INFO : Starting ProtocolHandler [http-bio-18081]
12 13, 2022 11:20:12 上午 cn.how2j.diytomcat.catalina.Connector start
INFO : Starting ProtocolHandler [http-bio-18082]
12 13, 2022 11:20:12 上午 cn.how2j.diytomcat.catalina.Server start
INFO : Server startup in 12 ms
12 13, 2022 11:20:17 上午 cn.how2j.diytomcat.catalina.HttpProcessor error
ERROR: this is a deliberately created exception
java.lang.RuntimeException: this is a deliberately created exception
	at cn.how2j.diytomcat.servlets.DefaultServlet.service(DefaultServlet.java:41)
	at cn.how2j.diytomcat.catalina.HttpProcessor.execute(HttpProcessor.java:43)
	at cn.how2j.diytomcat.catalina.Connector$1.run(Connector.java:70)
	at java.util.concurrent.ThreadPoolExecutor.runWorker(ThreadPoolExecutor.java:1142)
	at java.util.concurrent.ThreadPoolExecutor$Worker.run(ThreadPoolExecutor.java:617)
	at java.lang.Thread.run(Thread.java:745)
12 13, 2022 11:20:54 上午 cn.how2j.diytomcat.catalina.Context <init>
INFO : Deploying web application directory D:\project\diytomcat\webapps\a
12 13, 2022 11:20:54 上午 cn.how2j.diytomcat.catalina.Context <init>
INFO : Deployment of web application directory D:\project\diytomcat\webapps\a has finished in 91 ms
12 13, 2022 11:20:54 上午 cn.how2j.diytomcat.catalina.Context <init>
INFO : Deploying web application directory D:\project\diytomcat\webapps\j2ee
12 13, 2022 11:20:54 上午 cn.how2j.diytomcat.catalina.Context <init>
INFO : Deployment of web application directory D:\project\diytomcat\webapps\j2ee has finished in 16 ms
12 13, 2022 11:20:54 上午 cn.how2j.diytomcat.catalina.Context <init>
INFO : Deploying web application directory D:\project\diytomcat\webapps\ROOT
12 13, 2022 11:20:54 上午 cn.how2j.diytomcat.catalina.Context <init>
INFO : Deployment of web application directory D:\project\diytomcat\webapps\ROOT has finished in 0 ms
12 13, 2022 11:20:54 上午 cn.how2j.diytomcat.catalina.Context <init>
INFO : Deploying web application directory d:/project/diytomcat/b
12 13, 2022 11:20:54 上午 cn.how2j.diytomcat.catalina.Context <init>
INFO : Deployment of web application directory d:/project/diytomcat/b has finished in 0 ms
12 13, 2022 11:20:54 上午 cn.how2j.diytomcat.catalina.Context <init>
INFO : Deploying web application directory d:/project/javaweb/web
12 13, 2022 11:20:54 上午 cn.how2j.diytomcat.catalina.Context <init>
INFO : Deployment of web application directory d:/project/javaweb/web has finished in 19 ms
12 13, 2022 11:20:54 上午 cn.how2j.diytomcat.catalina.Server logJVM
INFO : Server version:		How2J DiyTomcat/1.0.1
12 13, 2022 11:20:54 上午 cn.how2j.diytomcat.catalina.Server logJVM
INFO : Server built:		2020-04-08 10:20:22
12 13, 2022 11:20:54 上午 cn.how2j.diytomcat.catalina.Server logJVM
INFO : Server number:		1.0.1
12 13, 2022 11:20:54 上午 cn.how2j.diytomcat.catalina.Server logJVM
INFO : OS Name	:		Windows 10
12 13, 2022 11:20:54 上午 cn.how2j.diytomcat.catalina.Server logJVM
INFO : OS Version:		10.0
12 13, 2022 11:20:54 上午 cn.how2j.diytomcat.catalina.Server logJVM
INFO : Architecture:		x86
12 13, 2022 11:20:54 上午 cn.how2j.diytomcat.catalina.Server logJVM
INFO : Java Home:		D:\jdk\jre
12 13, 2022 11:20:54 上午 cn.how2j.diytomcat.catalina.Server logJVM
INFO : JVM Version:		1.8.0_65-b17
12 13, 2022 11:20:54 上午 cn.how2j.diytomcat.catalina.Server logJVM
INFO : JVM Vendor:		Oracle Corporation
12 13, 2022 11:20:54 上午 cn.how2j.diytomcat.catalina.Connector init
INFO : Initializing ProtocolHandler [http-bio-18080]
12 13, 2022 11:20:54 上午 cn.how2j.diytomcat.catalina.Connector init
INFO : Initializing ProtocolHandler [http-bio-18081]
12 13, 2022 11:20:54 上午 cn.how2j.diytomcat.catalina.Connector init
INFO : Initializing ProtocolHandler [http-bio-18082]
12 13, 2022 11:20:54 上午 cn.how2j.diytomcat.catalina.Service init
INFO : Initialization processed in 0 ms
12 13, 2022 11:20:54 上午 cn.how2j.diytomcat.catalina.Connector start
INFO : Starting ProtocolHandler [http-bio-18080]
12 13, 2022 11:20:54 上午 cn.how2j.diytomcat.catalina.Connector start
INFO : Starting ProtocolHandler [http-bio-18081]
12 13, 2022 11:20:54 上午 cn.how2j.diytomcat.catalina.Connector start
INFO : Starting ProtocolHandler [http-bio-18082]
12 13, 2022 11:20:54 上午 cn.how2j.diytomcat.catalina.Server start
INFO : Server startup in 12 ms
12 13, 2022 11:31:08 上午 cn.how2j.diytomcat.catalina.Context <init>
INFO : Deploying web application directory D:\project\diytomcat\webapps\a
12 13, 2022 11:31:08 上午 cn.how2j.diytomcat.catalina.Context <init>
INFO : Deployment of web application directory D:\project\diytomcat\webapps\a has finished in 95 ms
12 13, 2022 11:31:08 上午 cn.how2j.diytomcat.catalina.Context <init>
INFO : Deploying web application directory D:\project\diytomcat\webapps\j2ee
12 13, 2022 11:31:08 上午 cn.how2j.diytomcat.catalina.Context <init>
INFO : Deployment of web application directory D:\project\diytomcat\webapps\j2ee has finished in 0 ms
12 13, 2022 11:31:08 上午 cn.how2j.diytomcat.catalina.Context <init>
INFO : Deploying web application directory D:\project\diytomcat\webapps\ROOT
12 13, 2022 11:31:08 上午 cn.how2j.diytomcat.catalina.Context <init>
INFO : Deployment of web application directory D:\project\diytomcat\webapps\ROOT has finished in 0 ms
12 13, 2022 11:31:08 上午 cn.how2j.diytomcat.catalina.Context <init>
INFO : Deploying web application directory d:/project/diytomcat/b
12 13, 2022 11:31:08 上午 cn.how2j.diytomcat.catalina.Context <init>
INFO : Deployment of web application directory d:/project/diytomcat/b has finished in 0 ms
12 13, 2022 11:31:08 上午 cn.how2j.diytomcat.catalina.Context <init>
INFO : Deploying web application directory d:/project/javaweb/web
12 13, 2022 11:31:08 上午 cn.how2j.diytomcat.catalina.Context <init>
INFO : Deployment of web application directory d:/project/javaweb/web has finished in 0 ms
12 13, 2022 11:31:08 上午 cn.how2j.diytomcat.catalina.Server logJVM
INFO : Server version:		How2J DiyTomcat/1.0.1
12 13, 2022 11:31:08 上午 cn.how2j.diytomcat.catalina.Server logJVM
INFO : Server built:		2020-04-08 10:20:22
12 13, 2022 11:31:08 上午 cn.how2j.diytomcat.catalina.Server logJVM
INFO : Server number:		1.0.1
12 13, 2022 11:31:08 上午 cn.how2j.diytomcat.catalina.Server logJVM
INFO : OS Name	:		Windows 10
12 13, 2022 11:31:08 上午 cn.how2j.diytomcat.catalina.Server logJVM
INFO : OS Version:		10.0
12 13, 2022 11:31:08 上午 cn.how2j.diytomcat.catalina.Server logJVM
INFO : Architecture:		x86
12 13, 2022 11:31:08 上午 cn.how2j.diytomcat.catalina.Server logJVM
INFO : Java Home:		D:\jdk\jre
12 13, 2022 11:31:08 上午 cn.how2j.diytomcat.catalina.Server logJVM
INFO : JVM Version:		1.8.0_65-b17
12 13, 2022 11:31:08 上午 cn.how2j.diytomcat.catalina.Server logJVM
INFO : JVM Vendor:		Oracle Corporation
12 13, 2022 11:31:08 上午 cn.how2j.diytomcat.catalina.Connector init
INFO : Initializing ProtocolHandler [http-bio-18080]
12 13, 2022 11:31:08 上午 cn.how2j.diytomcat.catalina.Connector init
INFO : Initializing ProtocolHandler [http-bio-18081]
12 13, 2022 11:31:08 上午 cn.how2j.diytomcat.catalina.Connector init
INFO : Initializing ProtocolHandler [http-bio-18082]
12 13, 2022 11:31:08 上午 cn.how2j.diytomcat.catalina.Service init
INFO : Initialization processed in 0 ms
12 13, 2022 11:31:08 上午 cn.how2j.diytomcat.catalina.Connector start
INFO : Starting ProtocolHandler [http-bio-18080]
12 13, 2022 11:31:08 上午 cn.how2j.diytomcat.catalina.Connector start
INFO : Starting ProtocolHandler [http-bio-18081]
12 13, 2022 11:31:08 上午 cn.how2j.diytomcat.catalina.Connector start
INFO : Starting ProtocolHandler [http-bio-18082]
12 13, 2022 11:31:08 上午 cn.how2j.diytomcat.catalina.Server start
INFO : Server startup in 0 ms
12 13, 2022 11:33:36 上午 cn.how2j.diytomcat.catalina.Context <init>
INFO : Deploying web application directory D:\project\diytomcat\webapps\a
12 13, 2022 11:33:36 上午 cn.how2j.diytomcat.catalina.Context <init>
INFO : Deployment of web application directory D:\project\diytomcat\webapps\a has finished in 89 ms
12 13, 2022 11:33:36 上午 cn.how2j.diytomcat.catalina.Context <init>
INFO : Deploying web application directory D:\project\diytomcat\webapps\j2ee
12 13, 2022 11:33:36 上午 cn.how2j.diytomcat.catalina.Context <init>
INFO : Deployment of web application directory D:\project\diytomcat\webapps\j2ee has finished in 0 ms
12 13, 2022 11:33:36 上午 cn.how2j.diytomcat.catalina.Context <init>
INFO : Deploying web application directory D:\project\diytomcat\webapps\ROOT
12 13, 2022 11:33:36 上午 cn.how2j.diytomcat.catalina.Context <init>
INFO : Deployment of web application directory D:\project\diytomcat\webapps\ROOT has finished in 0 ms
12 13, 2022 11:33:36 上午 cn.how2j.diytomcat.catalina.Context <init>
INFO : Deploying web application directory d:/project/diytomcat/b
12 13, 2022 11:33:36 上午 cn.how2j.diytomcat.catalina.Context <init>
INFO : Deployment of web application directory d:/project/diytomcat/b has finished in 0 ms
12 13, 2022 11:33:36 上午 cn.how2j.diytomcat.catalina.Context <init>
INFO : Deploying web application directory d:/project/javaweb/web
12 13, 2022 11:33:36 上午 cn.how2j.diytomcat.catalina.Context <init>
INFO : Deployment of web application directory d:/project/javaweb/web has finished in 25 ms
12 13, 2022 11:33:36 上午 cn.how2j.diytomcat.catalina.Server logJVM
INFO : Server version:		How2J DiyTomcat/1.0.1
12 13, 2022 11:33:36 上午 cn.how2j.diytomcat.catalina.Server logJVM
INFO : Server built:		2020-04-08 10:20:22
12 13, 2022 11:33:36 上午 cn.how2j.diytomcat.catalina.Server logJVM
INFO : Server number:		1.0.1
12 13, 2022 11:33:36 上午 cn.how2j.diytomcat.catalina.Server logJVM
INFO : OS Name	:		Windows 10
12 13, 2022 11:33:36 上午 cn.how2j.diytomcat.catalina.Server logJVM
INFO : OS Version:		10.0
12 13, 2022 11:33:36 上午 cn.how2j.diytomcat.catalina.Server logJVM
INFO : Architecture:		x86
12 13, 2022 11:33:36 上午 cn.how2j.diytomcat.catalina.Server logJVM
INFO : Java Home:		D:\jdk\jre
12 13, 2022 11:33:36 上午 cn.how2j.diytomcat.catalina.Server logJVM
INFO : JVM Version:		1.8.0_65-b17
12 13, 2022 11:33:36 上午 cn.how2j.diytomcat.catalina.Server logJVM
INFO : JVM Vendor:		Oracle Corporation
12 13, 2022 11:33:36 上午 cn.how2j.diytomcat.catalina.Connector init
INFO : Initializing ProtocolHandler [http-bio-18080]
12 13, 2022 11:33:36 上午 cn.how2j.diytomcat.catalina.Connector init
INFO : Initializing ProtocolHandler [http-bio-18081]
12 13, 2022 11:33:36 上午 cn.how2j.diytomcat.catalina.Connector init
INFO : Initializing ProtocolHandler [http-bio-18082]
12 13, 2022 11:33:36 上午 cn.how2j.diytomcat.catalina.Service init
INFO : Initialization processed in 7 ms
12 13, 2022 11:33:36 上午 cn.how2j.diytomcat.catalina.Connector start
INFO : Starting ProtocolHandler [http-bio-18080]
12 13, 2022 11:33:36 上午 cn.how2j.diytomcat.catalina.Connector start
INFO : Starting ProtocolHandler [http-bio-18081]
12 13, 2022 11:33:36 上午 cn.how2j.diytomcat.catalina.Connector start
INFO : Starting ProtocolHandler [http-bio-18082]
12 13, 2022 11:33:36 上午 cn.how2j.diytomcat.catalina.Server start
INFO : Server startup in 7 ms
12 13, 2022 11:45:57 上午 cn.how2j.diytomcat.catalina.Context <init>
INFO : Deploying web application directory D:\project\diytomcat\webapps\a
12 13, 2022 11:45:57 上午 cn.how2j.diytomcat.catalina.Context <init>
INFO : Deployment of web application directory D:\project\diytomcat\webapps\a has finished in 79 ms
12 13, 2022 11:45:57 上午 cn.how2j.diytomcat.catalina.Context <init>
INFO : Deploying web application directory D:\project\diytomcat\webapps\j2ee
12 13, 2022 11:45:57 上午 cn.how2j.diytomcat.catalina.Context <init>
INFO : Deployment of web application directory D:\project\diytomcat\webapps\j2ee has finished in 15 ms
12 13, 2022 11:45:57 上午 cn.how2j.diytomcat.catalina.Context <init>
INFO : Deploying web application directory D:\project\diytomcat\webapps\ROOT
12 13, 2022 11:45:57 上午 cn.how2j.diytomcat.catalina.Context <init>
INFO : Deployment of web application directory D:\project\diytomcat\webapps\ROOT has finished in 0 ms
12 13, 2022 11:45:57 上午 cn.how2j.diytomcat.catalina.Context <init>
INFO : Deploying web application directory d:/project/diytomcat/b
12 13, 2022 11:45:57 上午 cn.how2j.diytomcat.catalina.Context <init>
INFO : Deployment of web application directory d:/project/diytomcat/b has finished in 0 ms
12 13, 2022 11:45:57 上午 cn.how2j.diytomcat.catalina.Context <init>
INFO : Deploying web application directory d:/project/javaweb/web
12 13, 2022 11:45:57 上午 cn.how2j.diytomcat.catalina.Context <init>
INFO : Deployment of web application directory d:/project/javaweb/web has finished in 16 ms
12 13, 2022 11:45:57 上午 cn.how2j.diytomcat.catalina.Server logJVM
INFO : Server version:		How2J DiyTomcat/1.0.1
12 13, 2022 11:45:57 上午 cn.how2j.diytomcat.catalina.Server logJVM
INFO : Server built:		2020-04-08 10:20:22
12 13, 2022 11:45:57 上午 cn.how2j.diytomcat.catalina.Server logJVM
INFO : Server number:		1.0.1
12 13, 2022 11:45:57 上午 cn.how2j.diytomcat.catalina.Server logJVM
INFO : OS Name	:		Windows 10
12 13, 2022 11:45:57 上午 cn.how2j.diytomcat.catalina.Server logJVM
INFO : OS Version:		10.0
12 13, 2022 11:45:57 上午 cn.how2j.diytomcat.catalina.Server logJVM
INFO : Architecture:		x86
12 13, 2022 11:45:57 上午 cn.how2j.diytomcat.catalina.Server logJVM
INFO : Java Home:		D:\jdk\jre
12 13, 2022 11:45:57 上午 cn.how2j.diytomcat.catalina.Server logJVM
INFO : JVM Version:		1.8.0_65-b17
12 13, 2022 11:45:57 上午 cn.how2j.diytomcat.catalina.Server logJVM
INFO : JVM Vendor:		Oracle Corporation
12 13, 2022 11:45:57 上午 cn.how2j.diytomcat.catalina.Connector init
INFO : Initializing ProtocolHandler [http-bio-18080]
12 13, 2022 11:45:57 上午 cn.how2j.diytomcat.catalina.Connector init
INFO : Initializing ProtocolHandler [http-bio-18081]
12 13, 2022 11:45:57 上午 cn.how2j.diytomcat.catalina.Connector init
INFO : Initializing ProtocolHandler [http-bio-18082]
12 13, 2022 11:45:57 上午 cn.how2j.diytomcat.catalina.Service init
INFO : Initialization processed in 0 ms
12 13, 2022 11:45:57 上午 cn.how2j.diytomcat.catalina.Connector start
INFO : Starting ProtocolHandler [http-bio-18080]
12 13, 2022 11:45:57 上午 cn.how2j.diytomcat.catalina.Connector start
INFO : Starting ProtocolHandler [http-bio-18081]
12 13, 2022 11:45:57 上午 cn.how2j.diytomcat.catalina.Connector start
INFO : Starting ProtocolHandler [http-bio-18082]
12 13, 2022 11:45:57 上午 cn.how2j.diytomcat.catalina.Server start
INFO : Server startup in 12 ms
12 13, 2022 11:52:12 上午 cn.how2j.diytomcat.catalina.Context <init>
INFO : Deploying web application directory D:\project\diytomcat\webapps\a
12 13, 2022 11:52:12 上午 cn.how2j.diytomcat.catalina.Context <init>
INFO : Deployment of web application directory D:\project\diytomcat\webapps\a has finished in 94 ms
12 13, 2022 11:52:12 上午 cn.how2j.diytomcat.catalina.Context <init>
INFO : Deploying web application directory D:\project\diytomcat\webapps\j2ee
12 13, 2022 11:52:12 上午 cn.how2j.diytomcat.catalina.Context <init>
INFO : Deployment of web application directory D:\project\diytomcat\webapps\j2ee has finished in 0 ms
12 13, 2022 11:52:12 上午 cn.how2j.diytomcat.catalina.Context <init>
INFO : Deploying web application directory D:\project\diytomcat\webapps\ROOT
12 13, 2022 11:52:12 上午 cn.how2j.diytomcat.catalina.Context <init>
INFO : Deployment of web application directory D:\project\diytomcat\webapps\ROOT has finished in 0 ms
12 13, 2022 11:52:13 上午 cn.how2j.diytomcat.catalina.Context <init>
INFO : Deploying web application directory d:/project/diytomcat/b
12 13, 2022 11:52:13 上午 cn.how2j.diytomcat.catalina.Context <init>
INFO : Deployment of web application directory d:/project/diytomcat/b has finished in 0 ms
12 13, 2022 11:52:13 上午 cn.how2j.diytomcat.catalina.Context <init>
INFO : Deploying web application directory d:/project/javaweb/web
12 13, 2022 11:52:13 上午 cn.how2j.diytomcat.catalina.Context <init>
INFO : Deployment of web application directory d:/project/javaweb/web has finished in 14 ms
12 13, 2022 11:52:13 上午 cn.how2j.diytomcat.catalina.Server logJVM
INFO : Server version:		How2J DiyTomcat/1.0.1
12 13, 2022 11:52:13 上午 cn.how2j.diytomcat.catalina.Server logJVM
INFO : Server built:		2020-04-08 10:20:22
12 13, 2022 11:52:13 上午 cn.how2j.diytomcat.catalina.Server logJVM
INFO : Server number:		1.0.1
12 13, 2022 11:52:13 上午 cn.how2j.diytomcat.catalina.Server logJVM
INFO : OS Name	:		Windows 10
12 13, 2022 11:52:13 上午 cn.how2j.diytomcat.catalina.Server logJVM
INFO : OS Version:		10.0
12 13, 2022 11:52:13 上午 cn.how2j.diytomcat.catalina.Server logJVM
INFO : Architecture:		x86
12 13, 2022 11:52:13 上午 cn.how2j.diytomcat.catalina.Server logJVM
INFO : Java Home:		D:\jdk\jre
12 13, 2022 11:52:13 上午 cn.how2j.diytomcat.catalina.Server logJVM
INFO : JVM Version:		1.8.0_65-b17
12 13, 2022 11:52:13 上午 cn.how2j.diytomcat.catalina.Server logJVM
INFO : JVM Vendor:		Oracle Corporation
12 13, 2022 11:52:13 上午 cn.how2j.diytomcat.catalina.Connector init
INFO : Initializing ProtocolHandler [http-bio-18080]
12 13, 2022 11:52:13 上午 cn.how2j.diytomcat.catalina.Connector init
INFO : Initializing ProtocolHandler [http-bio-18081]
12 13, 2022 11:52:13 上午 cn.how2j.diytomcat.catalina.Connector init
INFO : Initializing ProtocolHandler [http-bio-18082]
12 13, 2022 11:52:13 上午 cn.how2j.diytomcat.catalina.Service init
INFO : Initialization processed in 0 ms
12 13, 2022 11:52:13 上午 cn.how2j.diytomcat.catalina.Connector start
INFO : Starting ProtocolHandler [http-bio-18080]
12 13, 2022 11:52:13 上午 cn.how2j.diytomcat.catalina.Connector start
INFO : Starting ProtocolHandler [http-bio-18081]
12 13, 2022 11:52:13 上午 cn.how2j.diytomcat.catalina.Connector start
INFO : Starting ProtocolHandler [http-bio-18082]
12 13, 2022 11:52:13 上午 cn.how2j.diytomcat.catalina.Server start
INFO : Server startup in 0 ms
12 13, 2022 11:55:27 上午 cn.how2j.diytomcat.catalina.Context <init>
INFO : Deploying web application directory D:\project\diytomcat\webapps\a
12 13, 2022 11:55:27 上午 cn.how2j.diytomcat.catalina.Context <init>
INFO : Deployment of web application directory D:\project\diytomcat\webapps\a has finished in 93 ms
12 13, 2022 11:55:27 上午 cn.how2j.diytomcat.catalina.Context <init>
INFO : Deploying web application directory D:\project\diytomcat\webapps\j2ee
12 13, 2022 11:55:27 上午 cn.how2j.diytomcat.catalina.Context <init>
INFO : Deployment of web application directory D:\project\diytomcat\webapps\j2ee has finished in 3 ms
12 13, 2022 11:55:27 上午 cn.how2j.diytomcat.catalina.Context <init>
INFO : Deploying web application directory D:\project\diytomcat\webapps\ROOT
12 13, 2022 11:55:27 上午 cn.how2j.diytomcat.catalina.Context <init>
INFO : Deployment of web application directory D:\project\diytomcat\webapps\ROOT has finished in 0 ms
12 13, 2022 11:55:27 上午 cn.how2j.diytomcat.catalina.Context <init>
INFO : Deploying web application directory d:/project/diytomcat/b
12 13, 2022 11:55:27 上午 cn.how2j.diytomcat.catalina.Context <init>
INFO : Deployment of web application directory d:/project/diytomcat/b has finished in 0 ms
12 13, 2022 11:55:27 上午 cn.how2j.diytomcat.catalina.Context <init>
INFO : Deploying web application directory d:/project/javaweb/web
12 13, 2022 11:55:27 上午 cn.how2j.diytomcat.catalina.Context <init>
INFO : Deployment of web application directory d:/project/javaweb/web has finished in 0 ms
12 13, 2022 11:55:27 上午 cn.how2j.diytomcat.catalina.Server logJVM
INFO : Server version:		How2J DiyTomcat/1.0.1
12 13, 2022 11:55:27 上午 cn.how2j.diytomcat.catalina.Server logJVM
INFO : Server built:		2020-04-08 10:20:22
12 13, 2022 11:55:27 上午 cn.how2j.diytomcat.catalina.Server logJVM
INFO : Server number:		1.0.1
12 13, 2022 11:55:27 上午 cn.how2j.diytomcat.catalina.Server logJVM
INFO : OS Name	:		Windows 10
12 13, 2022 11:55:27 上午 cn.how2j.diytomcat.catalina.Server logJVM
INFO : OS Version:		10.0
12 13, 2022 11:55:27 上午 cn.how2j.diytomcat.catalina.Server logJVM
INFO : Architecture:		x86
12 13, 2022 11:55:27 上午 cn.how2j.diytomcat.catalina.Server logJVM
INFO : Java Home:		D:\jdk\jre
12 13, 2022 11:55:27 上午 cn.how2j.diytomcat.catalina.Server logJVM
INFO : JVM Version:		1.8.0_65-b17
12 13, 2022 11:55:27 上午 cn.how2j.diytomcat.catalina.Server logJVM
INFO : JVM Vendor:		Oracle Corporation
12 13, 2022 11:55:27 上午 cn.how2j.diytomcat.catalina.Connector init
INFO : Initializing ProtocolHandler [http-bio-18080]
12 13, 2022 11:55:27 上午 cn.how2j.diytomcat.catalina.Connector init
INFO : Initializing ProtocolHandler [http-bio-18081]
12 13, 2022 11:55:27 上午 cn.how2j.diytomcat.catalina.Connector init
INFO : Initializing ProtocolHandler [http-bio-18082]
12 13, 2022 11:55:27 上午 cn.how2j.diytomcat.catalina.Service init
INFO : Initialization processed in 16 ms
12 13, 2022 11:55:27 上午 cn.how2j.diytomcat.catalina.Connector start
INFO : Starting ProtocolHandler [http-bio-18080]
12 13, 2022 11:55:27 上午 cn.how2j.diytomcat.catalina.Connector start
INFO : Starting ProtocolHandler [http-bio-18081]
12 13, 2022 11:55:27 上午 cn.how2j.diytomcat.catalina.Connector start
INFO : Starting ProtocolHandler [http-bio-18082]
12 13, 2022 11:55:27 上午 cn.how2j.diytomcat.catalina.Server start
INFO : Server startup in 16 ms
12 13, 2022 11:55:45 上午 cn.how2j.diytomcat.catalina.Context <init>
INFO : Deploying web application directory D:\project\diytomcat\webapps\a
12 13, 2022 11:55:45 上午 cn.how2j.diytomcat.catalina.Context <init>
INFO : Deployment of web application directory D:\project\diytomcat\webapps\a has finished in 106 ms
12 13, 2022 11:55:45 上午 cn.how2j.diytomcat.catalina.Context <init>
INFO : Deploying web application directory D:\project\diytomcat\webapps\j2ee
12 13, 2022 11:55:45 上午 cn.how2j.diytomcat.catalina.Context <init>
INFO : Deployment of web application directory D:\project\diytomcat\webapps\j2ee has finished in 5 ms
12 13, 2022 11:55:45 上午 cn.how2j.diytomcat.catalina.Context <init>
INFO : Deploying web application directory D:\project\diytomcat\webapps\ROOT
12 13, 2022 11:55:45 上午 cn.how2j.diytomcat.catalina.Context <init>
INFO : Deployment of web application directory D:\project\diytomcat\webapps\ROOT has finished in 1 ms
12 13, 2022 11:55:45 上午 cn.how2j.diytomcat.catalina.Context <init>
INFO : Deploying web application directory d:/project/diytomcat/b
12 13, 2022 11:55:45 上午 cn.how2j.diytomcat.catalina.Context <init>
INFO : Deployment of web application directory d:/project/diytomcat/b has finished in 0 ms
12 13, 2022 11:55:45 上午 cn.how2j.diytomcat.catalina.Context <init>
INFO : Deploying web application directory d:/project/javaweb/web
12 13, 2022 11:55:45 上午 cn.how2j.diytomcat.catalina.Context <init>
INFO : Deployment of web application directory d:/project/javaweb/web has finished in 9 ms
12 13, 2022 11:55:45 上午 cn.how2j.diytomcat.catalina.Server logJVM
INFO : Server version:		How2J DiyTomcat/1.0.1
12 13, 2022 11:55:45 上午 cn.how2j.diytomcat.catalina.Server logJVM
INFO : Server built:		2020-04-08 10:20:22
12 13, 2022 11:55:45 上午 cn.how2j.diytomcat.catalina.Server logJVM
INFO : Server number:		1.0.1
12 13, 2022 11:55:45 上午 cn.how2j.diytomcat.catalina.Server logJVM
INFO : OS Name	:		Windows 10
12 13, 2022 11:55:45 上午 cn.how2j.diytomcat.catalina.Server logJVM
INFO : OS Version:		10.0
12 13, 2022 11:55:45 上午 cn.how2j.diytomcat.catalina.Server logJVM
INFO : Architecture:		x86
12 13, 2022 11:55:45 上午 cn.how2j.diytomcat.catalina.Server logJVM
INFO : Java Home:		D:\jdk\jre
12 13, 2022 11:55:45 上午 cn.how2j.diytomcat.catalina.Server logJVM
INFO : JVM Version:		1.8.0_65-b17
12 13, 2022 11:55:45 上午 cn.how2j.diytomcat.catalina.Server logJVM
INFO : JVM Vendor:		Oracle Corporation
12 13, 2022 11:55:45 上午 cn.how2j.diytomcat.catalina.Connector init
INFO : Initializing ProtocolHandler [http-bio-18080]
12 13, 2022 11:55:45 上午 cn.how2j.diytomcat.catalina.Connector init
INFO : Initializing ProtocolHandler [http-bio-18081]
12 13, 2022 11:55:45 上午 cn.how2j.diytomcat.catalina.Connector init
INFO : Initializing ProtocolHandler [http-bio-18082]
12 13, 2022 11:55:45 上午 cn.how2j.diytomcat.catalina.Service init
INFO : Initialization processed in 0 ms
12 13, 2022 11:55:45 上午 cn.how2j.diytomcat.catalina.Connector start
INFO : Starting ProtocolHandler [http-bio-18080]
12 13, 2022 11:55:45 上午 cn.how2j.diytomcat.catalina.Connector start
INFO : Starting ProtocolHandler [http-bio-18081]
12 13, 2022 11:55:45 上午 cn.how2j.diytomcat.catalina.Connector start
INFO : Starting ProtocolHandler [http-bio-18082]
12 13, 2022 11:55:45 上午 cn.how2j.diytomcat.catalina.Server start
INFO : Server startup in 3 ms
12 13, 2022 21:25:23 下午 cn.how2j.diytomcat.catalina.Context <init>
INFO : Deploying web application directory D:\project\diytomcat\webapps\a
12 13, 2022 21:25:23 下午 cn.how2j.diytomcat.catalina.Context <init>
INFO : Deployment of web application directory D:\project\diytomcat\webapps\a has finished in 173 ms
12 13, 2022 21:25:23 下午 cn.how2j.diytomcat.catalina.Context <init>
INFO : Deploying web application directory D:\project\diytomcat\webapps\j2ee
12 13, 2022 21:25:23 下午 cn.how2j.diytomcat.catalina.Context <init>
INFO : Deployment of web application directory D:\project\diytomcat\webapps\j2ee has finished in 15 ms
12 13, 2022 21:25:23 下午 cn.how2j.diytomcat.catalina.Context <init>
INFO : Deploying web application directory D:\project\diytomcat\webapps\ROOT
12 13, 2022 21:25:23 下午 cn.how2j.diytomcat.catalina.Context <init>
INFO : Deployment of web application directory D:\project\diytomcat\webapps\ROOT has finished in 0 ms
12 13, 2022 21:25:23 下午 cn.how2j.diytomcat.catalina.Context <init>
INFO : Deploying web application directory d:/project/diytomcat/b
12 13, 2022 21:25:23 下午 cn.how2j.diytomcat.catalina.Context <init>
INFO : Deployment of web application directory d:/project/diytomcat/b has finished in 0 ms
12 13, 2022 21:25:23 下午 cn.how2j.diytomcat.catalina.Context <init>
INFO : Deploying web application directory d:/project/javaweb/web
12 13, 2022 21:25:23 下午 cn.how2j.diytomcat.catalina.Context <init>
INFO : Deployment of web application directory d:/project/javaweb/web has finished in 47 ms
12 13, 2022 21:25:23 下午 cn.how2j.diytomcat.catalina.Server logJVM
INFO : Server version:		How2J DiyTomcat/1.0.1
12 13, 2022 21:25:23 下午 cn.how2j.diytomcat.catalina.Server logJVM
INFO : Server built:		2020-04-08 10:20:22
12 13, 2022 21:25:23 下午 cn.how2j.diytomcat.catalina.Server logJVM
INFO : Server number:		1.0.1
12 13, 2022 21:25:23 下午 cn.how2j.diytomcat.catalina.Server logJVM
INFO : OS Name	:		Windows 10
12 13, 2022 21:25:23 下午 cn.how2j.diytomcat.catalina.Server logJVM
INFO : OS Version:		10.0
12 13, 2022 21:25:23 下午 cn.how2j.diytomcat.catalina.Server logJVM
INFO : Architecture:		x86
12 13, 2022 21:25:23 下午 cn.how2j.diytomcat.catalina.Server logJVM
INFO : Java Home:		D:\jdk\jre
12 13, 2022 21:25:23 下午 cn.how2j.diytomcat.catalina.Server logJVM
INFO : JVM Version:		1.8.0_65-b17
12 13, 2022 21:25:23 下午 cn.how2j.diytomcat.catalina.Server logJVM
INFO : JVM Vendor:		Oracle Corporation
12 13, 2022 21:25:23 下午 cn.how2j.diytomcat.catalina.Connector init
INFO : Initializing ProtocolHandler [http-bio-18080]
12 13, 2022 21:25:23 下午 cn.how2j.diytomcat.catalina.Connector init
INFO : Initializing ProtocolHandler [http-bio-18081]
12 13, 2022 21:25:23 下午 cn.how2j.diytomcat.catalina.Connector init
INFO : Initializing ProtocolHandler [http-bio-18082]
12 13, 2022 21:25:23 下午 cn.how2j.diytomcat.catalina.Service init
INFO : Initialization processed in 0 ms
12 13, 2022 21:25:23 下午 cn.how2j.diytomcat.catalina.Connector start
INFO : Starting ProtocolHandler [http-bio-18080]
12 13, 2022 21:25:23 下午 cn.how2j.diytomcat.catalina.Connector start
INFO : Starting ProtocolHandler [http-bio-18081]
12 13, 2022 21:25:23 下午 cn.how2j.diytomcat.catalina.Connector start
INFO : Starting ProtocolHandler [http-bio-18082]
12 13, 2022 21:25:23 下午 cn.how2j.diytomcat.catalina.Server start
INFO : Server startup in 0 ms
12 13, 2022 21:28:20 下午 cn.how2j.diytomcat.catalina.Context <init>
INFO : Deploying web application directory D:\project\diytomcat\webapps\a
12 13, 2022 21:28:20 下午 cn.how2j.diytomcat.catalina.Context <init>
INFO : Deployment of web application directory D:\project\diytomcat\webapps\a has finished in 194 ms
12 13, 2022 21:28:20 下午 cn.how2j.diytomcat.catalina.Context <init>
INFO : Deploying web application directory D:\project\diytomcat\webapps\j2ee
12 13, 2022 21:28:52 下午 cn.how2j.diytomcat.catalina.Context <init>
INFO : Deployment of web application directory D:\project\diytomcat\webapps\j2ee has finished in 32750 ms
12 13, 2022 21:28:52 下午 cn.how2j.diytomcat.catalina.Context <init>
INFO : Deploying web application directory D:\project\diytomcat\webapps\ROOT
12 13, 2022 21:28:52 下午 cn.how2j.diytomcat.catalina.Context <init>
INFO : Deployment of web application directory D:\project\diytomcat\webapps\ROOT has finished in 2 ms
12 13, 2022 21:28:52 下午 cn.how2j.diytomcat.catalina.Context <init>
INFO : Deploying web application directory d:/project/diytomcat/b
12 13, 2022 21:28:52 下午 cn.how2j.diytomcat.catalina.Context <init>
INFO : Deployment of web application directory d:/project/diytomcat/b has finished in 2 ms
12 13, 2022 21:28:52 下午 cn.how2j.diytomcat.catalina.Context <init>
INFO : Deploying web application directory d:/project/javaweb/web
12 13, 2022 21:31:35 下午 cn.how2j.diytomcat.catalina.Context <init>
INFO : Deployment of web application directory d:/project/javaweb/web has finished in 162164 ms
12 13, 2022 21:31:35 下午 cn.how2j.diytomcat.catalina.Server logJVM
INFO : Server version:		How2J DiyTomcat/1.0.1
12 13, 2022 21:31:35 下午 cn.how2j.diytomcat.catalina.Server logJVM
INFO : Server built:		2020-04-08 10:20:22
12 13, 2022 21:31:35 下午 cn.how2j.diytomcat.catalina.Server logJVM
INFO : Server number:		1.0.1
12 13, 2022 21:31:35 下午 cn.how2j.diytomcat.catalina.Server logJVM
INFO : OS Name	:		Windows 10
12 13, 2022 21:31:35 下午 cn.how2j.diytomcat.catalina.Server logJVM
INFO : OS Version:		10.0
12 13, 2022 21:31:35 下午 cn.how2j.diytomcat.catalina.Server logJVM
INFO : Architecture:		x86
12 13, 2022 21:31:35 下午 cn.how2j.diytomcat.catalina.Server logJVM
INFO : Java Home:		D:\jdk\jre
12 13, 2022 21:31:35 下午 cn.how2j.diytomcat.catalina.Server logJVM
INFO : JVM Version:		1.8.0_65-b17
12 13, 2022 21:31:35 下午 cn.how2j.diytomcat.catalina.Server logJVM
INFO : JVM Vendor:		Oracle Corporation
12 13, 2022 21:31:35 下午 cn.how2j.diytomcat.catalina.Connector init
INFO : Initializing ProtocolHandler [http-bio-18080]
12 13, 2022 21:31:35 下午 cn.how2j.diytomcat.catalina.Connector init
INFO : Initializing ProtocolHandler [http-bio-18081]
12 13, 2022 21:31:35 下午 cn.how2j.diytomcat.catalina.Connector init
INFO : Initializing ProtocolHandler [http-bio-18082]
12 13, 2022 21:31:35 下午 cn.how2j.diytomcat.catalina.Service init
INFO : Initialization processed in 0 ms
12 13, 2022 21:31:35 下午 cn.how2j.diytomcat.catalina.Connector start
INFO : Starting ProtocolHandler [http-bio-18080]
12 13, 2022 21:31:35 下午 cn.how2j.diytomcat.catalina.Connector start
INFO : Starting ProtocolHandler [http-bio-18081]
12 13, 2022 21:31:35 下午 cn.how2j.diytomcat.catalina.Connector start
INFO : Starting ProtocolHandler [http-bio-18082]
12 13, 2022 21:31:35 下午 cn.how2j.diytomcat.catalina.Server start
INFO : Server startup in 15 ms
12 13, 2022 21:31:41 下午 cn.how2j.diytomcat.catalina.Context <init>
INFO : Deploying web application directory D:\project\diytomcat\webapps\a
12 13, 2022 21:31:41 下午 cn.how2j.diytomcat.catalina.Context <init>
INFO : Deployment of web application directory D:\project\diytomcat\webapps\a has finished in 189 ms
12 13, 2022 21:31:41 下午 cn.how2j.diytomcat.catalina.Context <init>
INFO : Deploying web application directory D:\project\diytomcat\webapps\j2ee
12 13, 2022 21:31:44 下午 cn.how2j.diytomcat.catalina.Context <init>
INFO : Deployment of web application directory D:\project\diytomcat\webapps\j2ee has finished in 2813 ms
12 13, 2022 21:31:44 下午 cn.how2j.diytomcat.catalina.Context <init>
INFO : Deploying web application directory D:\project\diytomcat\webapps\ROOT
12 13, 2022 21:31:44 下午 cn.how2j.diytomcat.catalina.Context <init>
INFO : Deployment of web application directory D:\project\diytomcat\webapps\ROOT has finished in 0 ms
12 13, 2022 21:31:44 下午 cn.how2j.diytomcat.catalina.Context <init>
INFO : Deploying web application directory d:/project/diytomcat/b
12 13, 2022 21:31:44 下午 cn.how2j.diytomcat.catalina.Context <init>
INFO : Deployment of web application directory d:/project/diytomcat/b has finished in 15 ms
12 13, 2022 21:31:44 下午 cn.how2j.diytomcat.catalina.Context <init>
INFO : Deploying web application directory d:/project/javaweb/web
12 13, 2022 21:34:10 下午 cn.how2j.diytomcat.catalina.Context <init>
INFO : Deployment of web application directory d:/project/javaweb/web has finished in 145970 ms
12 13, 2022 21:34:10 下午 cn.how2j.diytomcat.catalina.Server logJVM
INFO : Server version:		How2J DiyTomcat/1.0.1
12 13, 2022 21:34:10 下午 cn.how2j.diytomcat.catalina.Server logJVM
INFO : Server built:		2020-04-08 10:20:22
12 13, 2022 21:34:10 下午 cn.how2j.diytomcat.catalina.Server logJVM
INFO : Server number:		1.0.1
12 13, 2022 21:34:10 下午 cn.how2j.diytomcat.catalina.Server logJVM
INFO : OS Name	:		Windows 10
12 13, 2022 21:34:10 下午 cn.how2j.diytomcat.catalina.Server logJVM
INFO : OS Version:		10.0
12 13, 2022 21:34:10 下午 cn.how2j.diytomcat.catalina.Server logJVM
INFO : Architecture:		x86
12 13, 2022 21:34:10 下午 cn.how2j.diytomcat.catalina.Server logJVM
INFO : Java Home:		D:\jdk\jre
12 13, 2022 21:34:10 下午 cn.how2j.diytomcat.catalina.Server logJVM
INFO : JVM Version:		1.8.0_65-b17
12 13, 2022 21:34:10 下午 cn.how2j.diytomcat.catalina.Server logJVM
INFO : JVM Vendor:		Oracle Corporation
12 13, 2022 21:34:10 下午 cn.how2j.diytomcat.catalina.Connector init
INFO : Initializing ProtocolHandler [http-bio-18080]
12 13, 2022 21:34:10 下午 cn.how2j.diytomcat.catalina.Connector init
INFO : Initializing ProtocolHandler [http-bio-18081]
12 13, 2022 21:34:10 下午 cn.how2j.diytomcat.catalina.Connector init
INFO : Initializing ProtocolHandler [http-bio-18082]
12 13, 2022 21:34:10 下午 cn.how2j.diytomcat.catalina.Service init
INFO : Initialization processed in 0 ms
12 13, 2022 21:34:10 下午 cn.how2j.diytomcat.catalina.Connector start
INFO : Starting ProtocolHandler [http-bio-18080]
12 13, 2022 21:34:10 下午 cn.how2j.diytomcat.catalina.Connector start
INFO : Starting ProtocolHandler [http-bio-18081]
12 13, 2022 21:34:10 下午 cn.how2j.diytomcat.catalina.Connector start
INFO : Starting ProtocolHandler [http-bio-18082]
12 13, 2022 21:34:10 下午 cn.how2j.diytomcat.catalina.Server start
INFO : Server startup in 8 ms
12 13, 2022 21:34:21 下午 cn.how2j.diytomcat.catalina.Context <init>
INFO : Deploying web application directory D:\project\diytomcat\webapps\a
12 13, 2022 21:34:21 下午 cn.how2j.diytomcat.catalina.Context <init>
INFO : Deployment of web application directory D:\project\diytomcat\webapps\a has finished in 174 ms
12 13, 2022 21:34:21 下午 cn.how2j.diytomcat.catalina.Context <init>
INFO : Deploying web application directory D:\project\diytomcat\webapps\j2ee
12 13, 2022 21:34:21 下午 cn.how2j.diytomcat.catalina.Context <init>
INFO : Deployment of web application directory D:\project\diytomcat\webapps\j2ee has finished in 0 ms
12 13, 2022 21:34:21 下午 cn.how2j.diytomcat.catalina.Context <init>
INFO : Deploying web application directory D:\project\diytomcat\webapps\ROOT
12 13, 2022 21:34:21 下午 cn.how2j.diytomcat.catalina.Context <init>
INFO : Deployment of web application directory D:\project\diytomcat\webapps\ROOT has finished in 16 ms
12 13, 2022 21:34:21 下午 cn.how2j.diytomcat.catalina.Context <init>
INFO : Deploying web application directory d:/project/diytomcat/b
12 13, 2022 21:34:21 下午 cn.how2j.diytomcat.catalina.Context <init>
INFO : Deployment of web application directory d:/project/diytomcat/b has finished in 0 ms
12 13, 2022 21:34:21 下午 cn.how2j.diytomcat.catalina.Context <init>
INFO : Deploying web application directory d:/project/javaweb/web
12 13, 2022 21:34:21 下午 cn.how2j.diytomcat.catalina.Context <init>
INFO : Deployment of web application directory d:/project/javaweb/web has finished in 31 ms
12 13, 2022 21:34:21 下午 cn.how2j.diytomcat.catalina.Server logJVM
INFO : Server version:		How2J DiyTomcat/1.0.1
12 13, 2022 21:34:21 下午 cn.how2j.diytomcat.catalina.Server logJVM
INFO : Server built:		2020-04-08 10:20:22
12 13, 2022 21:34:21 下午 cn.how2j.diytomcat.catalina.Server logJVM
INFO : Server number:		1.0.1
12 13, 2022 21:34:21 下午 cn.how2j.diytomcat.catalina.Server logJVM
INFO : OS Name	:		Windows 10
12 13, 2022 21:34:21 下午 cn.how2j.diytomcat.catalina.Server logJVM
INFO : OS Version:		10.0
12 13, 2022 21:34:21 下午 cn.how2j.diytomcat.catalina.Server logJVM
INFO : Architecture:		x86
12 13, 2022 21:34:22 下午 cn.how2j.diytomcat.catalina.Server logJVM
INFO : Java Home:		D:\jdk\jre
12 13, 2022 21:34:22 下午 cn.how2j.diytomcat.catalina.Server logJVM
INFO : JVM Version:		1.8.0_65-b17
12 13, 2022 21:34:22 下午 cn.how2j.diytomcat.catalina.Server logJVM
INFO : JVM Vendor:		Oracle Corporation
12 13, 2022 21:34:22 下午 cn.how2j.diytomcat.catalina.Connector init
INFO : Initializing ProtocolHandler [http-bio-18080]
12 13, 2022 21:34:22 下午 cn.how2j.diytomcat.catalina.Connector init
INFO : Initializing ProtocolHandler [http-bio-18081]
12 13, 2022 21:34:22 下午 cn.how2j.diytomcat.catalina.Connector init
INFO : Initializing ProtocolHandler [http-bio-18082]
12 13, 2022 21:34:22 下午 cn.how2j.diytomcat.catalina.Service init
INFO : Initialization processed in 0 ms
12 13, 2022 21:34:22 下午 cn.how2j.diytomcat.catalina.Connector start
INFO : Starting ProtocolHandler [http-bio-18080]
12 13, 2022 21:34:22 下午 cn.how2j.diytomcat.catalina.Connector start
INFO : Starting ProtocolHandler [http-bio-18081]
12 13, 2022 21:34:22 下午 cn.how2j.diytomcat.catalina.Connector start
INFO : Starting ProtocolHandler [http-bio-18082]
12 13, 2022 21:34:22 下午 cn.how2j.diytomcat.catalina.Server start
INFO : Server startup in 16 ms
12 13, 2022 23:39:45 下午 cn.how2j.diytomcat.catalina.Context <init>
INFO : Deploying web application directory D:\project\diytomcat\webapps\a
12 13, 2022 23:39:45 下午 cn.how2j.diytomcat.catalina.Context <init>
INFO : Deployment of web application directory D:\project\diytomcat\webapps\a has finished in 221 ms
12 13, 2022 23:39:45 下午 cn.how2j.diytomcat.catalina.Context <init>
INFO : Deploying web application directory D:\project\diytomcat\webapps\j2ee
12 13, 2022 23:39:45 下午 cn.how2j.diytomcat.catalina.Context <init>
INFO : Deployment of web application directory D:\project\diytomcat\webapps\j2ee has finished in 15 ms
12 13, 2022 23:39:45 下午 cn.how2j.diytomcat.catalina.Context <init>
INFO : Deploying web application directory D:\project\diytomcat\webapps\ROOT
12 13, 2022 23:39:45 下午 cn.how2j.diytomcat.catalina.Context <init>
INFO : Deployment of web application directory D:\project\diytomcat\webapps\ROOT has finished in 2 ms
12 13, 2022 23:39:45 下午 cn.how2j.diytomcat.catalina.Context <init>
INFO : Deploying web application directory d:/project/diytomcat/b
12 13, 2022 23:39:45 下午 cn.how2j.diytomcat.catalina.Context <init>
INFO : Deployment of web application directory d:/project/diytomcat/b has finished in 0 ms
12 13, 2022 23:39:45 下午 cn.how2j.diytomcat.catalina.Context <init>
INFO : Deploying web application directory d:/project/javaweb/web
12 13, 2022 23:39:45 下午 cn.how2j.diytomcat.catalina.Context <init>
INFO : Deployment of web application directory d:/project/javaweb/web has finished in 48 ms
12 13, 2022 23:39:45 下午 cn.how2j.diytomcat.catalina.Server logJVM
INFO : Server version:		How2J DiyTomcat/1.0.1
12 13, 2022 23:39:45 下午 cn.how2j.diytomcat.catalina.Server logJVM
INFO : Server built:		2020-04-08 10:20:22
12 13, 2022 23:39:45 下午 cn.how2j.diytomcat.catalina.Server logJVM
INFO : Server number:		1.0.1
12 13, 2022 23:39:45 下午 cn.how2j.diytomcat.catalina.Server logJVM
INFO : OS Name	:		Windows 10
12 13, 2022 23:39:45 下午 cn.how2j.diytomcat.catalina.Server logJVM
INFO : OS Version:		10.0
12 13, 2022 23:39:45 下午 cn.how2j.diytomcat.catalina.Server logJVM
INFO : Architecture:		x86
12 13, 2022 23:39:45 下午 cn.how2j.diytomcat.catalina.Server logJVM
INFO : Java Home:		D:\jdk\jre
12 13, 2022 23:39:45 下午 cn.how2j.diytomcat.catalina.Server logJVM
INFO : JVM Version:		1.8.0_65-b17
12 13, 2022 23:39:45 下午 cn.how2j.diytomcat.catalina.Server logJVM
INFO : JVM Vendor:		Oracle Corporation
12 13, 2022 23:39:45 下午 cn.how2j.diytomcat.catalina.Connector init
INFO : Initializing ProtocolHandler [http-bio-18080]
12 13, 2022 23:39:45 下午 cn.how2j.diytomcat.catalina.Connector init
INFO : Initializing ProtocolHandler [http-bio-18081]
12 13, 2022 23:39:45 下午 cn.how2j.diytomcat.catalina.Connector init
INFO : Initializing ProtocolHandler [http-bio-18082]
12 13, 2022 23:39:45 下午 cn.how2j.diytomcat.catalina.Service init
INFO : Initialization processed in 0 ms
12 13, 2022 23:39:45 下午 cn.how2j.diytomcat.catalina.Connector start
INFO : Starting ProtocolHandler [http-bio-18080]
12 13, 2022 23:39:45 下午 cn.how2j.diytomcat.catalina.Connector start
INFO : Starting ProtocolHandler [http-bio-18081]
12 13, 2022 23:39:45 下午 cn.how2j.diytomcat.catalina.Connector start
INFO : Starting ProtocolHandler [http-bio-18082]
12 13, 2022 23:39:45 下午 cn.how2j.diytomcat.catalina.Server start
INFO : Server startup in 0 ms
12 13, 2022 23:39:54 下午 cn.how2j.diytomcat.catalina.HttpProcessor error
ERROR: this is a deliberately created exception
java.lang.RuntimeException: this is a deliberately created exception
	at cn.how2j.diytomcat.servlets.DefaultServlet.service(DefaultServlet.java:41)
	at javax.servlet.http.HttpServlet.service(HttpServlet.java:731)
	at cn.how2j.diytomcat.catalina.ApplicationFilterChain.doFilter(ApplicationFilterChain.java:33)
	at cn.how2j.diytomcat.catalina.HttpProcessor.execute(HttpProcessor.java:50)
	at cn.how2j.diytomcat.catalina.Connector$1.run(Connector.java:70)
	at java.util.concurrent.ThreadPoolExecutor.runWorker(ThreadPoolExecutor.java:1142)
	at java.util.concurrent.ThreadPoolExecutor$Worker.run(ThreadPoolExecutor.java:617)
	at java.lang.Thread.run(Thread.java:745)
